{"meta": {"format": 3, "version": "7.10.6", "timestamp": "2025-10-17T18:29:39.882787", "branch_coverage": false, "show_contexts": false}, "files": {"openapi_server/__init__.py": {"executed_lines": [0], "summary": {"covered_lines": 0, "num_statements": 0, "percent_covered": 100.0, "percent_covered_display": "100", "missing_lines": 0, "excluded_lines": 0}, "missing_lines": [], "excluded_lines": [], "functions": {"": {"executed_lines": [], "summary": {"covered_lines": 0, "num_statements": 0, "percent_covered": 100.0, "percent_covered_display": "100", "missing_lines": 0, "excluded_lines": 0}, "missing_lines": [], "excluded_lines": []}}, "classes": {"": {"executed_lines": [], "summary": {"covered_lines": 0, "num_statements": 0, "percent_covered": 100.0, "percent_covered_display": "100", "missing_lines": 0, "excluded_lines": 0}, "missing_lines": [], "excluded_lines": []}}}, "openapi_server/__main__.py": {"executed_lines": [], "summary": {"covered_lines": 0, "num_statements": 11, "percent_covered": 0.0, "percent_covered_display": "0", "missing_lines": 11, "excluded_lines": 0}, "missing_lines": [3, 4, 6, 9, 10, 11, 14, 23, 27, 30, 31], "excluded_lines": [], "functions": {"main": {"executed_lines": [], "summary": {"covered_lines": 0, "num_statements": 5, "percent_covered": 0.0, "percent_covered_display": "0", "missing_lines": 5, "excluded_lines": 0}, "missing_lines": [10, 11, 14, 23, 27], "excluded_lines": []}, "": {"executed_lines": [], "summary": {"covered_lines": 0, "num_statements": 6, "percent_covered": 0.0, "percent_covered_display": "0", "missing_lines": 6, "excluded_lines": 0}, "missing_lines": [3, 4, 6, 9, 30, 31], "excluded_lines": []}}, "classes": {"": {"executed_lines": [], "summary": {"covered_lines": 0, "num_statements": 11, "percent_covered": 0.0, "percent_covered_display": "0", "missing_lines": 11, "excluded_lines": 0}, "missing_lines": [3, 4, 6, 9, 10, 11, 14, 23, 27, 30, 31], "excluded_lines": []}}}, "openapi_server/controllers/__init__.py": {"executed_lines": [0], "summary": {"covered_lines": 0, "num_statements": 0, "percent_covered": 100.0, "percent_covered_display": "100", "missing_lines": 0, "excluded_lines": 0}, "missing_lines": [], "excluded_lines": [], "functions": {"": {"executed_lines": [], "summary": {"covered_lines": 0, "num_statements": 0, "percent_covered": 100.0, "percent_covered_display": "100", "missing_lines": 0, "excluded_lines": 0}, "missing_lines": [], "excluded_lines": []}}, "classes": {"": {"executed_lines": [], "summary": {"covered_lines": 0, "num_statements": 0, "percent_covered": 100.0, "percent_covered_display": "100", "missing_lines": 0, "excluded_lines": 0}, "missing_lines": [], "excluded_lines": []}}}, "openapi_server/controllers/admin_controller.py": {"executed_lines": [1, 2, 3, 4, 6, 7, 8, 9, 10, 11, 15, 26, 27, 31, 34, 35, 38, 40, 41, 42, 44, 46, 47, 58, 61, 62, 92, 169, 244, 319, 333, 336, 337, 340, 342, 343, 344, 346, 348, 349, 360, 363, 364, 394, 408, 411, 412, 415, 417, 418, 419, 421, 423, 424, 435, 438, 439, 469, 481, 484, 485, 488, 490, 491, 492, 494, 496, 497, 508, 511, 512, 542, 562, 565, 566, 569, 571, 572, 573, 575, 577, 578, 589, 592, 593, 623, 702], "summary": {"covered_lines": 87, "num_statements": 298, "percent_covered": 29.19463087248322, "percent_covered_display": "29", "missing_lines": 211, "excluded_lines": 0}, "missing_lines": [49, 64, 66, 68, 69, 74, 76, 78, 79, 80, 81, 83, 84, 89, 103, 104, 108, 111, 112, 115, 117, 118, 119, 121, 123, 124, 126, 135, 138, 139, 141, 143, 145, 146, 151, 153, 155, 156, 157, 158, 160, 161, 166, 183, 186, 187, 190, 192, 193, 194, 196, 198, 199, 201, 210, 213, 214, 216, 218, 220, 221, 226, 228, 230, 231, 232, 233, 235, 236, 241, 258, 261, 262, 265, 267, 268, 269, 271, 273, 274, 276, 285, 288, 289, 291, 293, 295, 296, 301, 303, 305, 306, 307, 308, 310, 311, 316, 351, 366, 368, 370, 371, 376, 378, 380, 381, 382, 383, 385, 386, 391, 426, 441, 443, 445, 446, 451, 453, 455, 456, 457, 458, 460, 461, 466, 499, 514, 516, 518, 519, 524, 526, 528, 529, 530, 531, 533, 534, 539, 580, 595, 597, 599, 600, 605, 607, 609, 610, 611, 612, 614, 615, 620, 636, 637, 641, 644, 645, 648, 650, 651, 652, 654, 656, 657, 659, 668, 671, 672, 674, 676, 678, 679, 684, 686, 688, 689, 690, 691, 693, 694, 699, 715, 716, 720, 723, 724, 727, 729, 730, 731, 733, 735, 736, 738, 747, 750, 751, 753, 755, 757, 758, 763, 765, 767, 768, 769, 770, 772, 773, 778], "excluded_lines": [], "functions": {"create_user": {"executed_lines": [26, 27, 31, 34, 35, 38, 40, 41, 42, 44, 46, 47, 58, 61, 62], "summary": {"covered_lines": 15, "num_statements": 29, "percent_covered": 51.724137931034484, "percent_covered_display": "52", "missing_lines": 14, "excluded_lines": 0}, "missing_lines": [49, 64, 66, 68, 69, 74, 76, 78, 79, 80, 81, 83, 84, 89], "excluded_lines": []}, "create_user_details": {"executed_lines": [], "summary": {"covered_lines": 0, "num_statements": 29, "percent_covered": 0.0, "percent_covered_display": "0", "missing_lines": 29, "excluded_lines": 0}, "missing_lines": [103, 104, 108, 111, 112, 115, 117, 118, 119, 121, 123, 124, 126, 135, 138, 139, 141, 143, 145, 146, 151, 153, 155, 156, 157, 158, 160, 161, 166], "excluded_lines": []}, "delete_user": {"executed_lines": [], "summary": {"covered_lines": 0, "num_statements": 27, "percent_covered": 0.0, "percent_covered_display": "0", "missing_lines": 27, "excluded_lines": 0}, "missing_lines": [183, 186, 187, 190, 192, 193, 194, 196, 198, 199, 201, 210, 213, 214, 216, 218, 220, 221, 226, 228, 230, 231, 232, 233, 235, 236, 241], "excluded_lines": []}, "delete_user_details": {"executed_lines": [], "summary": {"covered_lines": 0, "num_statements": 27, "percent_covered": 0.0, "percent_covered_display": "0", "missing_lines": 27, "excluded_lines": 0}, "missing_lines": [258, 261, 262, 265, 267, 268, 269, 271, 273, 274, 276, 285, 288, 289, 291, 293, 295, 296, 301, 303, 305, 306, 307, 308, 310, 311, 316], "excluded_lines": []}, "get_user": {"executed_lines": [333, 336, 337, 340, 342, 343, 344, 346, 348, 349, 360, 363, 364], "summary": {"covered_lines": 13, "num_statements": 27, "percent_covered": 48.148148148148145, "percent_covered_display": "48", "missing_lines": 14, "excluded_lines": 0}, "missing_lines": [351, 366, 368, 370, 371, 376, 378, 380, 381, 382, 383, 385, 386, 391], "excluded_lines": []}, "get_user_details": {"executed_lines": [408, 411, 412, 415, 417, 418, 419, 421, 423, 424, 435, 438, 439], "summary": {"covered_lines": 13, "num_statements": 27, "percent_covered": 48.148148148148145, "percent_covered_display": "48", "missing_lines": 14, "excluded_lines": 0}, "missing_lines": [426, 441, 443, 445, 446, 451, 453, 455, 456, 457, 458, 460, 461, 466], "excluded_lines": []}, "list_user_details": {"executed_lines": [481, 484, 485, 488, 490, 491, 492, 494, 496, 497, 508, 511, 512], "summary": {"covered_lines": 13, "num_statements": 27, "percent_covered": 48.148148148148145, "percent_covered_display": "48", "missing_lines": 14, "excluded_lines": 0}, "missing_lines": [499, 514, 516, 518, 519, 524, 526, 528, 529, 530, 531, 533, 534, 539], "excluded_lines": []}, "list_users": {"executed_lines": [562, 565, 566, 569, 571, 572, 573, 575, 577, 578, 589, 592, 593], "summary": {"covered_lines": 13, "num_statements": 27, "percent_covered": 48.148148148148145, "percent_covered_display": "48", "missing_lines": 14, "excluded_lines": 0}, "missing_lines": [580, 595, 597, 599, 600, 605, 607, 609, 610, 611, 612, 614, 615, 620], "excluded_lines": []}, "update_user": {"executed_lines": [], "summary": {"covered_lines": 0, "num_statements": 29, "percent_covered": 0.0, "percent_covered_display": "0", "missing_lines": 29, "excluded_lines": 0}, "missing_lines": [636, 637, 641, 644, 645, 648, 650, 651, 652, 654, 656, 657, 659, 668, 671, 672, 674, 676, 678, 679, 684, 686, 688, 689, 690, 691, 693, 694, 699], "excluded_lines": []}, "update_user_details": {"executed_lines": [], "summary": {"covered_lines": 0, "num_statements": 29, "percent_covered": 0.0, "percent_covered_display": "0", "missing_lines": 29, "excluded_lines": 0}, "missing_lines": [715, 716, 720, 723, 724, 727, 729, 730, 731, 733, 735, 736, 738, 747, 750, 751, 753, 755, 757, 758, 763, 765, 767, 768, 769, 770, 772, 773, 778], "excluded_lines": []}, "": {"executed_lines": [1, 2, 3, 4, 6, 7, 8, 9, 10, 11, 15, 92, 169, 244, 319, 394, 469, 542, 623, 702], "summary": {"covered_lines": 20, "num_statements": 20, "percent_covered": 100.0, "percent_covered_display": "100", "missing_lines": 0, "excluded_lines": 0}, "missing_lines": [], "excluded_lines": []}}, "classes": {"": {"executed_lines": [1, 2, 3, 4, 6, 7, 8, 9, 10, 11, 15, 26, 27, 31, 34, 35, 38, 40, 41, 42, 44, 46, 47, 58, 61, 62, 92, 169, 244, 319, 333, 336, 337, 340, 342, 343, 344, 346, 348, 349, 360, 363, 364, 394, 408, 411, 412, 415, 417, 418, 419, 421, 423, 424, 435, 438, 439, 469, 481, 484, 485, 488, 490, 491, 492, 494, 496, 497, 508, 511, 512, 542, 562, 565, 566, 569, 571, 572, 573, 575, 577, 578, 589, 592, 593, 623, 702], "summary": {"covered_lines": 87, "num_statements": 298, "percent_covered": 29.19463087248322, "percent_covered_display": "29", "missing_lines": 211, "excluded_lines": 0}, "missing_lines": [49, 64, 66, 68, 69, 74, 76, 78, 79, 80, 81, 83, 84, 89, 103, 104, 108, 111, 112, 115, 117, 118, 119, 121, 123, 124, 126, 135, 138, 139, 141, 143, 145, 146, 151, 153, 155, 156, 157, 158, 160, 161, 166, 183, 186, 187, 190, 192, 193, 194, 196, 198, 199, 201, 210, 213, 214, 216, 218, 220, 221, 226, 228, 230, 231, 232, 233, 235, 236, 241, 258, 261, 262, 265, 267, 268, 269, 271, 273, 274, 276, 285, 288, 289, 291, 293, 295, 296, 301, 303, 305, 306, 307, 308, 310, 311, 316, 351, 366, 368, 370, 371, 376, 378, 380, 381, 382, 383, 385, 386, 391, 426, 441, 443, 445, 446, 451, 453, 455, 456, 457, 458, 460, 461, 466, 499, 514, 516, 518, 519, 524, 526, 528, 529, 530, 531, 533, 534, 539, 580, 595, 597, 599, 600, 605, 607, 609, 610, 611, 612, 614, 615, 620, 636, 637, 641, 644, 645, 648, 650, 651, 652, 654, 656, 657, 659, 668, 671, 672, 674, 676, 678, 679, 684, 686, 688, 689, 690, 691, 693, 694, 699, 715, 716, 720, 723, 724, 727, 729, 730, 731, 733, 735, 736, 738, 747, 750, 751, 753, 755, 757, 758, 763, 765, 767, 768, 769, 770, 772, 773, 778], "excluded_lines": []}}}, "openapi_server/controllers/analytics_controller.py": {"executed_lines": [1, 2, 3, 4, 6, 7, 8, 12, 26, 29, 30, 33, 35, 36, 37, 39, 41, 42, 53, 61, 71, 73, 74, 75, 87, 106, 172], "summary": {"covered_lines": 27, "num_statements": 95, "percent_covered": 28.42105263157895, "percent_covered_display": "28", "missing_lines": 68, "excluded_lines": 0}, "missing_lines": [44, 56, 57, 59, 63, 64, 69, 76, 78, 79, 84, 107, 111, 114, 115, 118, 120, 121, 122, 124, 126, 127, 129, 138, 141, 142, 144, 146, 148, 149, 154, 156, 158, 159, 160, 161, 163, 164, 169, 185, 186, 190, 193, 194, 197, 199, 200, 201, 203, 205, 206, 208, 217, 220, 221, 223, 225, 227, 228, 233, 235, 237, 238, 239, 240, 242, 243, 248], "excluded_lines": [], "functions": {"billing_get": {"executed_lines": [26, 29, 30, 33, 35, 36, 37, 39, 41, 42, 53, 61, 71, 73, 74, 75], "summary": {"covered_lines": 16, "num_statements": 27, "percent_covered": 59.25925925925926, "percent_covered_display": "59", "missing_lines": 11, "excluded_lines": 0}, "missing_lines": [44, 56, 57, 59, 63, 64, 69, 76, 78, 79, 84], "excluded_lines": []}, "logs_get": {"executed_lines": [106], "summary": {"covered_lines": 1, "num_statements": 29, "percent_covered": 3.4482758620689653, "percent_covered_display": "3", "missing_lines": 28, "excluded_lines": 0}, "missing_lines": [107, 111, 114, 115, 118, 120, 121, 122, 124, 126, 127, 129, 138, 141, 142, 144, 146, 148, 149, 154, 156, 158, 159, 160, 161, 163, 164, 169], "excluded_lines": []}, "performance_metrics_get": {"executed_lines": [], "summary": {"covered_lines": 0, "num_statements": 29, "percent_covered": 0.0, "percent_covered_display": "0", "missing_lines": 29, "excluded_lines": 0}, "missing_lines": [185, 186, 190, 193, 194, 197, 199, 200, 201, 203, 205, 206, 208, 217, 220, 221, 223, 225, 227, 228, 233, 235, 237, 238, 239, 240, 242, 243, 248], "excluded_lines": []}, "": {"executed_lines": [1, 2, 3, 4, 6, 7, 8, 12, 87, 172], "summary": {"covered_lines": 10, "num_statements": 10, "percent_covered": 100.0, "percent_covered_display": "100", "missing_lines": 0, "excluded_lines": 0}, "missing_lines": [], "excluded_lines": []}}, "classes": {"": {"executed_lines": [1, 2, 3, 4, 6, 7, 8, 12, 26, 29, 30, 33, 35, 36, 37, 39, 41, 42, 53, 61, 71, 73, 74, 75, 87, 106, 172], "summary": {"covered_lines": 27, "num_statements": 95, "percent_covered": 28.42105263157895, "percent_covered_display": "28", "missing_lines": 68, "excluded_lines": 0}, "missing_lines": [44, 56, 57, 59, 63, 64, 69, 76, 78, 79, 84, 107, 111, 114, 115, 118, 120, 121, 122, 124, 126, 127, 129, 138, 141, 142, 144, 146, 148, 149, 154, 156, 158, 159, 160, 161, 163, 164, 169, 185, 186, 190, 193, 194, 197, 199, 200, 201, 203, 205, 206, 208, 217, 220, 221, 223, 225, 227, 228, 233, 235, 237, 238, 239, 240, 242, 243, 248], "excluded_lines": []}}}, "openapi_server/controllers/animals_controller.py": {"executed_lines": [1, 2, 3, 4, 6, 7, 8, 9, 10, 11, 12, 16, 91, 170, 254, 329, 340, 341, 352, 355, 356, 359, 361, 362, 363, 365, 367, 368, 379, 382, 383, 413, 427, 430, 431, 434, 436, 437, 438, 440, 442, 443, 454, 457, 458, 488, 565], "summary": {"covered_lines": 47, "num_statements": 251, "percent_covered": 18.725099601593627, "percent_covered_display": "19", "missing_lines": 204, "excluded_lines": 0}, "missing_lines": [30, 33, 34, 37, 39, 40, 41, 43, 45, 46, 48, 57, 60, 61, 63, 65, 67, 68, 73, 75, 77, 78, 79, 80, 82, 83, 88, 104, 105, 109, 112, 113, 116, 118, 119, 120, 122, 124, 125, 127, 136, 139, 140, 142, 144, 146, 147, 152, 154, 156, 157, 158, 159, 161, 162, 167, 181, 182, 183, 184, 189, 193, 196, 197, 200, 202, 203, 204, 206, 208, 209, 211, 220, 223, 224, 226, 228, 230, 231, 236, 238, 240, 241, 242, 243, 245, 246, 251, 268, 271, 272, 275, 277, 278, 279, 281, 283, 284, 286, 295, 298, 299, 301, 303, 305, 306, 311, 313, 315, 316, 317, 318, 320, 321, 326, 342, 343, 348, 370, 385, 387, 389, 390, 395, 397, 399, 400, 401, 402, 404, 405, 410, 445, 460, 462, 464, 465, 470, 472, 474, 475, 476, 477, 479, 480, 485, 499, 500, 504, 507, 508, 511, 513, 514, 515, 517, 519, 520, 522, 531, 534, 535, 537, 539, 541, 542, 547, 549, 551, 552, 553, 554, 556, 557, 562, 578, 579, 583, 586, 587, 590, 592, 593, 594, 596, 598, 599, 601, 610, 613, 614, 616, 618, 620, 621, 626, 628, 630, 631, 632, 633, 635, 636, 641], "excluded_lines": [], "functions": {"animal_config_get": {"executed_lines": [], "summary": {"covered_lines": 0, "num_statements": 27, "percent_covered": 0.0, "percent_covered_display": "0", "missing_lines": 27, "excluded_lines": 0}, "missing_lines": [30, 33, 34, 37, 39, 40, 41, 43, 45, 46, 48, 57, 60, 61, 63, 65, 67, 68, 73, 75, 77, 78, 79, 80, 82, 83, 88], "excluded_lines": []}, "animal_config_patch": {"executed_lines": [], "summary": {"covered_lines": 0, "num_statements": 29, "percent_covered": 0.0, "percent_covered_display": "0", "missing_lines": 29, "excluded_lines": 0}, "missing_lines": [104, 105, 109, 112, 113, 116, 118, 119, 120, 122, 124, 125, 127, 136, 139, 140, 142, 144, 146, 147, 152, 154, 156, 157, 158, 159, 161, 162, 167], "excluded_lines": []}, "animal_delete": {"executed_lines": [], "summary": {"covered_lines": 0, "num_statements": 32, "percent_covered": 0.0, "percent_covered_display": "0", "missing_lines": 32, "excluded_lines": 0}, "missing_lines": [181, 182, 183, 184, 189, 193, 196, 197, 200, 202, 203, 204, 206, 208, 209, 211, 220, 223, 224, 226, 228, 230, 231, 236, 238, 240, 241, 242, 243, 245, 246, 251], "excluded_lines": []}, "animal_details_get": {"executed_lines": [], "summary": {"covered_lines": 0, "num_statements": 27, "percent_covered": 0.0, "percent_covered_display": "0", "missing_lines": 27, "excluded_lines": 0}, "missing_lines": [268, 271, 272, 275, 277, 278, 279, 281, 283, 284, 286, 295, 298, 299, 301, 303, 305, 306, 311, 313, 315, 316, 317, 318, 320, 321, 326], "excluded_lines": []}, "animal_get": {"executed_lines": [340, 341, 352, 355, 356, 359, 361, 362, 363, 365, 367, 368, 379, 382, 383], "summary": {"covered_lines": 15, "num_statements": 32, "percent_covered": 46.875, "percent_covered_display": "47", "missing_lines": 17, "excluded_lines": 0}, "missing_lines": [342, 343, 348, 370, 385, 387, 389, 390, 395, 397, 399, 400, 401, 402, 404, 405, 410], "excluded_lines": []}, "animal_list_get": {"executed_lines": [427, 430, 431, 434, 436, 437, 438, 440, 442, 443, 454, 457, 458], "summary": {"covered_lines": 13, "num_statements": 27, "percent_covered": 48.148148148148145, "percent_covered_display": "48", "missing_lines": 14, "excluded_lines": 0}, "missing_lines": [445, 460, 462, 464, 465, 470, 472, 474, 475, 476, 477, 479, 480, 485], "excluded_lines": []}, "animal_post": {"executed_lines": [], "summary": {"covered_lines": 0, "num_statements": 29, "percent_covered": 0.0, "percent_covered_display": "0", "missing_lines": 29, "excluded_lines": 0}, "missing_lines": [499, 500, 504, 507, 508, 511, 513, 514, 515, 517, 519, 520, 522, 531, 534, 535, 537, 539, 541, 542, 547, 549, 551, 552, 553, 554, 556, 557, 562], "excluded_lines": []}, "animal_put": {"executed_lines": [], "summary": {"covered_lines": 0, "num_statements": 29, "percent_covered": 0.0, "percent_covered_display": "0", "missing_lines": 29, "excluded_lines": 0}, "missing_lines": [578, 579, 583, 586, 587, 590, 592, 593, 594, 596, 598, 599, 601, 610, 613, 614, 616, 618, 620, 621, 626, 628, 630, 631, 632, 633, 635, 636, 641], "excluded_lines": []}, "": {"executed_lines": [1, 2, 3, 4, 6, 7, 8, 9, 10, 11, 12, 16, 91, 170, 254, 329, 413, 488, 565], "summary": {"covered_lines": 19, "num_statements": 19, "percent_covered": 100.0, "percent_covered_display": "100", "missing_lines": 0, "excluded_lines": 0}, "missing_lines": [], "excluded_lines": []}}, "classes": {"": {"executed_lines": [1, 2, 3, 4, 6, 7, 8, 9, 10, 11, 12, 16, 91, 170, 254, 329, 340, 341, 352, 355, 356, 359, 361, 362, 363, 365, 367, 368, 379, 382, 383, 413, 427, 430, 431, 434, 436, 437, 438, 440, 442, 443, 454, 457, 458, 488, 565], "summary": {"covered_lines": 47, "num_statements": 251, "percent_covered": 18.725099601593627, "percent_covered_display": "19", "missing_lines": 204, "excluded_lines": 0}, "missing_lines": [30, 33, 34, 37, 39, 40, 41, 43, 45, 46, 48, 57, 60, 61, 63, 65, 67, 68, 73, 75, 77, 78, 79, 80, 82, 83, 88, 104, 105, 109, 112, 113, 116, 118, 119, 120, 122, 124, 125, 127, 136, 139, 140, 142, 144, 146, 147, 152, 154, 156, 157, 158, 159, 161, 162, 167, 181, 182, 183, 184, 189, 193, 196, 197, 200, 202, 203, 204, 206, 208, 209, 211, 220, 223, 224, 226, 228, 230, 231, 236, 238, 240, 241, 242, 243, 245, 246, 251, 268, 271, 272, 275, 277, 278, 279, 281, 283, 284, 286, 295, 298, 299, 301, 303, 305, 306, 311, 313, 315, 316, 317, 318, 320, 321, 326, 342, 343, 348, 370, 385, 387, 389, 390, 395, 397, 399, 400, 401, 402, 404, 405, 410, 445, 460, 462, 464, 465, 470, 472, 474, 475, 476, 477, 479, 480, 485, 499, 500, 504, 507, 508, 511, 513, 514, 515, 517, 519, 520, 522, 531, 534, 535, 537, 539, 541, 542, 547, 549, 551, 552, 553, 554, 556, 557, 562, 578, 579, 583, 586, 587, 590, 592, 593, 594, 596, 598, 599, 601, 610, 613, 614, 616, 618, 620, 621, 626, 628, 630, 631, 632, 633, 635, 636, 641], "excluded_lines": []}}}, "openapi_server/controllers/auth_controller.py": {"executed_lines": [1, 2, 3, 4, 6, 7, 8, 9, 13, 25, 28, 29, 32, 34, 35, 36, 38, 40, 41, 52, 55, 56, 86, 97, 98, 102, 105, 106, 109, 111, 112, 113, 115, 117, 118, 129, 132, 133, 163, 175, 178, 179, 182, 184, 185, 186, 188, 190, 191, 202, 205, 206, 236, 247, 248, 252, 255, 256, 259, 261, 262, 263, 265, 267, 268, 279, 282, 283], "summary": {"covered_lines": 68, "num_statements": 124, "percent_covered": 54.83870967741935, "percent_covered_display": "55", "missing_lines": 56, "excluded_lines": 0}, "missing_lines": [43, 58, 60, 62, 63, 68, 70, 72, 73, 74, 75, 77, 78, 83, 120, 135, 137, 139, 140, 145, 147, 149, 150, 151, 152, 154, 155, 160, 193, 208, 210, 212, 213, 218, 220, 222, 223, 224, 225, 227, 228, 233, 270, 285, 287, 289, 290, 295, 297, 299, 300, 301, 302, 304, 305, 310], "excluded_lines": [], "functions": {"auth_logout_post": {"executed_lines": [25, 28, 29, 32, 34, 35, 36, 38, 40, 41, 52, 55, 56], "summary": {"covered_lines": 13, "num_statements": 27, "percent_covered": 48.148148148148145, "percent_covered_display": "48", "missing_lines": 14, "excluded_lines": 0}, "missing_lines": [43, 58, 60, 62, 63, 68, 70, 72, 73, 74, 75, 77, 78, 83], "excluded_lines": []}, "auth_post": {"executed_lines": [97, 98, 102, 105, 106, 109, 111, 112, 113, 115, 117, 118, 129, 132, 133], "summary": {"covered_lines": 15, "num_statements": 29, "percent_covered": 51.724137931034484, "percent_covered_display": "52", "missing_lines": 14, "excluded_lines": 0}, "missing_lines": [120, 135, 137, 139, 140, 145, 147, 149, 150, 151, 152, 154, 155, 160], "excluded_lines": []}, "auth_refresh_post": {"executed_lines": [175, 178, 179, 182, 184, 185, 186, 188, 190, 191, 202, 205, 206], "summary": {"covered_lines": 13, "num_statements": 27, "percent_covered": 48.148148148148145, "percent_covered_display": "48", "missing_lines": 14, "excluded_lines": 0}, "missing_lines": [193, 208, 210, 212, 213, 218, 220, 222, 223, 224, 225, 227, 228, 233], "excluded_lines": []}, "auth_reset_password_post": {"executed_lines": [247, 248, 252, 255, 256, 259, 261, 262, 263, 265, 267, 268, 279, 282, 283], "summary": {"covered_lines": 15, "num_statements": 29, "percent_covered": 51.724137931034484, "percent_covered_display": "52", "missing_lines": 14, "excluded_lines": 0}, "missing_lines": [270, 285, 287, 289, 290, 295, 297, 299, 300, 301, 302, 304, 305, 310], "excluded_lines": []}, "": {"executed_lines": [1, 2, 3, 4, 6, 7, 8, 9, 13, 86, 163, 236], "summary": {"covered_lines": 12, "num_statements": 12, "percent_covered": 100.0, "percent_covered_display": "100", "missing_lines": 0, "excluded_lines": 0}, "missing_lines": [], "excluded_lines": []}}, "classes": {"": {"executed_lines": [1, 2, 3, 4, 6, 7, 8, 9, 13, 25, 28, 29, 32, 34, 35, 36, 38, 40, 41, 52, 55, 56, 86, 97, 98, 102, 105, 106, 109, 111, 112, 113, 115, 117, 118, 129, 132, 133, 163, 175, 178, 179, 182, 184, 185, 186, 188, 190, 191, 202, 205, 206, 236, 247, 248, 252, 255, 256, 259, 261, 262, 263, 265, 267, 268, 279, 282, 283], "summary": {"covered_lines": 68, "num_statements": 124, "percent_covered": 54.83870967741935, "percent_covered_display": "55", "missing_lines": 56, "excluded_lines": 0}, "missing_lines": [43, 58, 60, 62, 63, 68, 70, 72, 73, 74, 75, 77, 78, 83, 120, 135, 137, 139, 140, 145, 147, 149, 150, 151, 152, 154, 155, 160, 193, 208, 210, 212, 213, 218, 220, 222, 223, 224, 225, 227, 228, 233, 270, 285, 287, 289, 290, 295, 297, 299, 300, 301, 302, 304, 305, 310], "excluded_lines": []}}}, "openapi_server/controllers/conversation_controller.py": {"executed_lines": [1, 2, 3, 4, 6, 7, 8, 9, 10, 11, 12, 16, 107, 182, 268, 293, 359, 370, 371, 375, 378, 379, 382, 384, 385, 386, 388, 390, 391, 402, 405, 406, 436], "summary": {"covered_lines": 33, "num_statements": 188, "percent_covered": 17.5531914893617, "percent_covered_display": "18", "missing_lines": 155, "excluded_lines": 0}, "missing_lines": [41, 42, 46, 49, 50, 53, 55, 56, 57, 59, 61, 62, 64, 73, 76, 77, 79, 81, 83, 84, 89, 91, 93, 94, 95, 96, 98, 99, 104, 121, 124, 125, 128, 130, 131, 132, 134, 136, 137, 139, 148, 151, 152, 154, 156, 158, 159, 164, 166, 168, 169, 170, 171, 173, 174, 179, 203, 207, 210, 211, 214, 216, 217, 218, 220, 222, 223, 225, 234, 237, 238, 240, 242, 244, 245, 250, 252, 254, 255, 256, 257, 259, 260, 265, 294, 298, 301, 302, 305, 307, 308, 309, 311, 313, 314, 316, 325, 328, 329, 331, 333, 335, 336, 341, 343, 345, 346, 347, 348, 350, 351, 356, 393, 408, 410, 412, 413, 418, 420, 422, 423, 424, 425, 427, 428, 433, 447, 448, 452, 455, 456, 459, 461, 462, 463, 465, 467, 468, 470, 479, 482, 483, 485, 487, 489, 490, 495, 497, 499, 500, 501, 502, 504, 505, 510], "excluded_lines": [], "functions": {"conversations_sessions_get": {"executed_lines": [], "summary": {"covered_lines": 0, "num_statements": 29, "percent_covered": 0.0, "percent_covered_display": "0", "missing_lines": 29, "excluded_lines": 0}, "missing_lines": [41, 42, 46, 49, 50, 53, 55, 56, 57, 59, 61, 62, 64, 73, 76, 77, 79, 81, 83, 84, 89, 91, 93, 94, 95, 96, 98, 99, 104], "excluded_lines": []}, "conversations_sessions_session_id_get": {"executed_lines": [], "summary": {"covered_lines": 0, "num_statements": 27, "percent_covered": 0.0, "percent_covered_display": "0", "missing_lines": 27, "excluded_lines": 0}, "missing_lines": [121, 124, 125, 128, 130, 131, 132, 134, 136, 137, 139, 148, 151, 152, 154, 156, 158, 159, 164, 166, 168, 169, 170, 171, 173, 174, 179], "excluded_lines": []}, "convo_history_delete": {"executed_lines": [], "summary": {"covered_lines": 0, "num_statements": 28, "percent_covered": 0.0, "percent_covered_display": "0", "missing_lines": 28, "excluded_lines": 0}, "missing_lines": [203, 207, 210, 211, 214, 216, 217, 218, 220, 222, 223, 225, 234, 237, 238, 240, 242, 244, 245, 250, 252, 254, 255, 256, 257, 259, 260, 265], "excluded_lines": []}, "convo_history_get": {"executed_lines": [293], "summary": {"covered_lines": 1, "num_statements": 29, "percent_covered": 3.4482758620689653, "percent_covered_display": "3", "missing_lines": 28, "excluded_lines": 0}, "missing_lines": [294, 298, 301, 302, 305, 307, 308, 309, 311, 313, 314, 316, 325, 328, 329, 331, 333, 335, 336, 341, 343, 345, 346, 347, 348, 350, 351, 356], "excluded_lines": []}, "convo_turn_post": {"executed_lines": [370, 371, 375, 378, 379, 382, 384, 385, 386, 388, 390, 391, 402, 405, 406], "summary": {"covered_lines": 15, "num_statements": 29, "percent_covered": 51.724137931034484, "percent_covered_display": "52", "missing_lines": 14, "excluded_lines": 0}, "missing_lines": [393, 408, 410, 412, 413, 418, 420, 422, 423, 424, 425, 427, 428, 433], "excluded_lines": []}, "summarize_convo_post": {"executed_lines": [], "summary": {"covered_lines": 0, "num_statements": 29, "percent_covered": 0.0, "percent_covered_display": "0", "missing_lines": 29, "excluded_lines": 0}, "missing_lines": [447, 448, 452, 455, 456, 459, 461, 462, 463, 465, 467, 468, 470, 479, 482, 483, 485, 487, 489, 490, 495, 497, 499, 500, 501, 502, 504, 505, 510], "excluded_lines": []}, "": {"executed_lines": [1, 2, 3, 4, 6, 7, 8, 9, 10, 11, 12, 16, 107, 182, 268, 359, 436], "summary": {"covered_lines": 17, "num_statements": 17, "percent_covered": 100.0, "percent_covered_display": "100", "missing_lines": 0, "excluded_lines": 0}, "missing_lines": [], "excluded_lines": []}}, "classes": {"": {"executed_lines": [1, 2, 3, 4, 6, 7, 8, 9, 10, 11, 12, 16, 107, 182, 268, 293, 359, 370, 371, 375, 378, 379, 382, 384, 385, 386, 388, 390, 391, 402, 405, 406, 436], "summary": {"covered_lines": 33, "num_statements": 188, "percent_covered": 17.5531914893617, "percent_covered_display": "18", "missing_lines": 155, "excluded_lines": 0}, "missing_lines": [41, 42, 46, 49, 50, 53, 55, 56, 57, 59, 61, 62, 64, 73, 76, 77, 79, 81, 83, 84, 89, 91, 93, 94, 95, 96, 98, 99, 104, 121, 124, 125, 128, 130, 131, 132, 134, 136, 137, 139, 148, 151, 152, 154, 156, 158, 159, 164, 166, 168, 169, 170, 171, 173, 174, 179, 203, 207, 210, 211, 214, 216, 217, 218, 220, 222, 223, 225, 234, 237, 238, 240, 242, 244, 245, 250, 252, 254, 255, 256, 257, 259, 260, 265, 294, 298, 301, 302, 305, 307, 308, 309, 311, 313, 314, 316, 325, 328, 329, 331, 333, 335, 336, 341, 343, 345, 346, 347, 348, 350, 351, 356, 393, 408, 410, 412, 413, 418, 420, 422, 423, 424, 425, 427, 428, 433, 447, 448, 452, 455, 456, 459, 461, 462, 463, 465, 467, 468, 470, 479, 482, 483, 485, 487, 489, 490, 495, 497, 499, 500, 501, 502, 504, 505, 510], "excluded_lines": []}}}, "openapi_server/controllers/family_controller.py": {"executed_lines": [1, 2, 3, 4, 6, 7, 8, 12, 89, 164, 178, 181, 182, 185, 187, 188, 189, 191, 193, 194, 205, 213, 223, 225, 226, 227, 239, 312, 324, 327, 328, 331, 333, 334, 335, 337, 339, 340, 351, 354, 355, 359, 369, 371, 372, 373, 385], "summary": {"covered_lines": 47, "num_statements": 179, "percent_covered": 26.256983240223462, "percent_covered_display": "26", "missing_lines": 132, "excluded_lines": 0}, "missing_lines": [23, 24, 28, 31, 32, 35, 37, 38, 39, 41, 43, 44, 46, 55, 58, 59, 61, 63, 65, 66, 71, 73, 75, 76, 77, 78, 80, 81, 86, 103, 106, 107, 110, 112, 113, 114, 116, 118, 119, 121, 130, 133, 134, 136, 138, 140, 141, 146, 148, 150, 151, 152, 153, 155, 156, 161, 196, 208, 209, 211, 215, 216, 221, 228, 230, 231, 236, 251, 254, 255, 258, 260, 261, 262, 264, 266, 267, 269, 278, 281, 282, 284, 286, 288, 289, 294, 296, 298, 299, 300, 301, 303, 304, 309, 342, 357, 361, 362, 367, 374, 376, 377, 382, 398, 399, 403, 406, 407, 410, 412, 413, 414, 416, 418, 419, 421, 430, 433, 434, 436, 438, 440, 441, 446, 448, 450, 451, 452, 453, 455, 456, 461], "excluded_lines": [], "functions": {"create_family": {"executed_lines": [], "summary": {"covered_lines": 0, "num_statements": 29, "percent_covered": 0.0, "percent_covered_display": "0", "missing_lines": 29, "excluded_lines": 0}, "missing_lines": [23, 24, 28, 31, 32, 35, 37, 38, 39, 41, 43, 44, 46, 55, 58, 59, 61, 63, 65, 66, 71, 73, 75, 76, 77, 78, 80, 81, 86], "excluded_lines": []}, "delete_family": {"executed_lines": [], "summary": {"covered_lines": 0, "num_statements": 27, "percent_covered": 0.0, "percent_covered_display": "0", "missing_lines": 27, "excluded_lines": 0}, "missing_lines": [103, 106, 107, 110, 112, 113, 114, 116, 118, 119, 121, 130, 133, 134, 136, 138, 140, 141, 146, 148, 150, 151, 152, 153, 155, 156, 161], "excluded_lines": []}, "get_family": {"executed_lines": [178, 181, 182, 185, 187, 188, 189, 191, 193, 194, 205, 213, 223, 225, 226, 227], "summary": {"covered_lines": 16, "num_statements": 27, "percent_covered": 59.25925925925926, "percent_covered_display": "59", "missing_lines": 11, "excluded_lines": 0}, "missing_lines": [196, 208, 209, 211, 215, 216, 221, 228, 230, 231, 236], "excluded_lines": []}, "list_all_families": {"executed_lines": [], "summary": {"covered_lines": 0, "num_statements": 27, "percent_covered": 0.0, "percent_covered_display": "0", "missing_lines": 27, "excluded_lines": 0}, "missing_lines": [251, 254, 255, 258, 260, 261, 262, 264, 266, 267, 269, 278, 281, 282, 284, 286, 288, 289, 294, 296, 298, 299, 300, 301, 303, 304, 309], "excluded_lines": []}, "list_families": {"executed_lines": [324, 327, 328, 331, 333, 334, 335, 337, 339, 340, 351, 354, 355, 359, 369, 371, 372, 373], "summary": {"covered_lines": 18, "num_statements": 27, "percent_covered": 66.66666666666667, "percent_covered_display": "67", "missing_lines": 9, "excluded_lines": 0}, "missing_lines": [342, 357, 361, 362, 367, 374, 376, 377, 382], "excluded_lines": []}, "update_family": {"executed_lines": [], "summary": {"covered_lines": 0, "num_statements": 29, "percent_covered": 0.0, "percent_covered_display": "0", "missing_lines": 29, "excluded_lines": 0}, "missing_lines": [398, 399, 403, 406, 407, 410, 412, 413, 414, 416, 418, 419, 421, 430, 433, 434, 436, 438, 440, 441, 446, 448, 450, 451, 452, 453, 455, 456, 461], "excluded_lines": []}, "": {"executed_lines": [1, 2, 3, 4, 6, 7, 8, 12, 89, 164, 239, 312, 385], "summary": {"covered_lines": 13, "num_statements": 13, "percent_covered": 100.0, "percent_covered_display": "100", "missing_lines": 0, "excluded_lines": 0}, "missing_lines": [], "excluded_lines": []}}, "classes": {"": {"executed_lines": [1, 2, 3, 4, 6, 7, 8, 12, 89, 164, 178, 181, 182, 185, 187, 188, 189, 191, 193, 194, 205, 213, 223, 225, 226, 227, 239, 312, 324, 327, 328, 331, 333, 334, 335, 337, 339, 340, 351, 354, 355, 359, 369, 371, 372, 373, 385], "summary": {"covered_lines": 47, "num_statements": 179, "percent_covered": 26.256983240223462, "percent_covered_display": "26", "missing_lines": 132, "excluded_lines": 0}, "missing_lines": [23, 24, 28, 31, 32, 35, 37, 38, 39, 41, 43, 44, 46, 55, 58, 59, 61, 63, 65, 66, 71, 73, 75, 76, 77, 78, 80, 81, 86, 103, 106, 107, 110, 112, 113, 114, 116, 118, 119, 121, 130, 133, 134, 136, 138, 140, 141, 146, 148, 150, 151, 152, 153, 155, 156, 161, 196, 208, 209, 211, 215, 216, 221, 228, 230, 231, 236, 251, 254, 255, 258, 260, 261, 262, 264, 266, 267, 269, 278, 281, 282, 284, 286, 288, 289, 294, 296, 298, 299, 300, 301, 303, 304, 309, 342, 357, 361, 362, 367, 374, 376, 377, 382, 398, 399, 403, 406, 407, 410, 412, 413, 414, 416, 418, 419, 421, 430, 433, 434, 436, 438, 440, 441, 446, 448, 450, 451, 452, 453, 455, 456, 461], "excluded_lines": []}}}, "openapi_server/controllers/guardrails_controller.py": {"executed_lines": [1, 2, 3, 4, 6, 7, 8, 9, 10, 13, 30, 47, 61, 75, 89, 103, 115, 133], "summary": {"covered_lines": 18, "num_statements": 42, "percent_covered": 42.857142857142854, "percent_covered_display": "43", "missing_lines": 24, "excluded_lines": 0}, "missing_lines": [23, 24, 26, 27, 40, 41, 43, 44, 57, 58, 71, 72, 85, 86, 99, 100, 111, 112, 129, 130, 145, 146, 148, 149], "excluded_lines": [], "functions": {"apply_guardrail_template": {"executed_lines": [], "summary": {"covered_lines": 0, "num_statements": 4, "percent_covered": 0.0, "percent_covered_display": "0", "missing_lines": 4, "excluded_lines": 0}, "missing_lines": [23, 24, 26, 27], "excluded_lines": []}, "create_guardrail": {"executed_lines": [], "summary": {"covered_lines": 0, "num_statements": 4, "percent_covered": 0.0, "percent_covered_display": "0", "missing_lines": 4, "excluded_lines": 0}, "missing_lines": [40, 41, 43, 44], "excluded_lines": []}, "delete_guardrail": {"executed_lines": [], "summary": {"covered_lines": 0, "num_statements": 2, "percent_covered": 0.0, "percent_covered_display": "0", "missing_lines": 2, "excluded_lines": 0}, "missing_lines": [57, 58], "excluded_lines": []}, "get_animal_effective_guardrails": {"executed_lines": [], "summary": {"covered_lines": 0, "num_statements": 2, "percent_covered": 0.0, "percent_covered_display": "0", "missing_lines": 2, "excluded_lines": 0}, "missing_lines": [71, 72], "excluded_lines": []}, "get_animal_system_prompt": {"executed_lines": [], "summary": {"covered_lines": 0, "num_statements": 2, "percent_covered": 0.0, "percent_covered_display": "0", "missing_lines": 2, "excluded_lines": 0}, "missing_lines": [85, 86], "excluded_lines": []}, "get_guardrail": {"executed_lines": [], "summary": {"covered_lines": 0, "num_statements": 2, "percent_covered": 0.0, "percent_covered_display": "0", "missing_lines": 2, "excluded_lines": 0}, "missing_lines": [99, 100], "excluded_lines": []}, "get_guardrail_templates": {"executed_lines": [], "summary": {"covered_lines": 0, "num_statements": 2, "percent_covered": 0.0, "percent_covered_display": "0", "missing_lines": 2, "excluded_lines": 0}, "missing_lines": [111, 112], "excluded_lines": []}, "list_guardrails": {"executed_lines": [], "summary": {"covered_lines": 0, "num_statements": 2, "percent_covered": 0.0, "percent_covered_display": "0", "missing_lines": 2, "excluded_lines": 0}, "missing_lines": [129, 130], "excluded_lines": []}, "update_guardrail": {"executed_lines": [], "summary": {"covered_lines": 0, "num_statements": 4, "percent_covered": 0.0, "percent_covered_display": "0", "missing_lines": 4, "excluded_lines": 0}, "missing_lines": [145, 146, 148, 149], "excluded_lines": []}, "": {"executed_lines": [1, 2, 3, 4, 6, 7, 8, 9, 10, 13, 30, 47, 61, 75, 89, 103, 115, 133], "summary": {"covered_lines": 18, "num_statements": 18, "percent_covered": 100.0, "percent_covered_display": "100", "missing_lines": 0, "excluded_lines": 0}, "missing_lines": [], "excluded_lines": []}}, "classes": {"": {"executed_lines": [1, 2, 3, 4, 6, 7, 8, 9, 10, 13, 30, 47, 61, 75, 89, 103, 115, 133], "summary": {"covered_lines": 18, "num_statements": 42, "percent_covered": 42.857142857142854, "percent_covered_display": "43", "missing_lines": 24, "excluded_lines": 0}, "missing_lines": [23, 24, 26, 27, 40, 41, 43, 44, 57, 58, 71, 72, 85, 86, 99, 100, 111, 112, 129, 130, 145, 146, 148, 149], "excluded_lines": []}}}, "openapi_server/controllers/knowledge_controller.py": {"executed_lines": [1, 2, 3, 4, 6, 7, 8, 12, 87, 162], "summary": {"covered_lines": 10, "num_statements": 93, "percent_covered": 10.75268817204301, "percent_covered_display": "11", "missing_lines": 83, "excluded_lines": 0}, "missing_lines": [26, 29, 30, 33, 35, 36, 37, 39, 41, 42, 44, 53, 56, 57, 59, 61, 63, 64, 69, 71, 73, 74, 75, 76, 78, 79, 84, 101, 104, 105, 108, 110, 111, 112, 114, 116, 117, 119, 128, 131, 132, 134, 136, 138, 139, 144, 146, 148, 149, 150, 151, 153, 154, 159, 173, 174, 178, 181, 182, 185, 187, 188, 189, 191, 193, 194, 196, 205, 208, 209, 211, 213, 215, 216, 221, 223, 225, 226, 227, 228, 230, 231, 236], "excluded_lines": [], "functions": {"knowledge_article_delete": {"executed_lines": [], "summary": {"covered_lines": 0, "num_statements": 27, "percent_covered": 0.0, "percent_covered_display": "0", "missing_lines": 27, "excluded_lines": 0}, "missing_lines": [26, 29, 30, 33, 35, 36, 37, 39, 41, 42, 44, 53, 56, 57, 59, 61, 63, 64, 69, 71, 73, 74, 75, 76, 78, 79, 84], "excluded_lines": []}, "knowledge_article_get": {"executed_lines": [], "summary": {"covered_lines": 0, "num_statements": 27, "percent_covered": 0.0, "percent_covered_display": "0", "missing_lines": 27, "excluded_lines": 0}, "missing_lines": [101, 104, 105, 108, 110, 111, 112, 114, 116, 117, 119, 128, 131, 132, 134, 136, 138, 139, 144, 146, 148, 149, 150, 151, 153, 154, 159], "excluded_lines": []}, "knowledge_article_post": {"executed_lines": [], "summary": {"covered_lines": 0, "num_statements": 29, "percent_covered": 0.0, "percent_covered_display": "0", "missing_lines": 29, "excluded_lines": 0}, "missing_lines": [173, 174, 178, 181, 182, 185, 187, 188, 189, 191, 193, 194, 196, 205, 208, 209, 211, 213, 215, 216, 221, 223, 225, 226, 227, 228, 230, 231, 236], "excluded_lines": []}, "": {"executed_lines": [1, 2, 3, 4, 6, 7, 8, 12, 87, 162], "summary": {"covered_lines": 10, "num_statements": 10, "percent_covered": 100.0, "percent_covered_display": "100", "missing_lines": 0, "excluded_lines": 0}, "missing_lines": [], "excluded_lines": []}}, "classes": {"": {"executed_lines": [1, 2, 3, 4, 6, 7, 8, 12, 87, 162], "summary": {"covered_lines": 10, "num_statements": 93, "percent_covered": 10.75268817204301, "percent_covered_display": "11", "missing_lines": 83, "excluded_lines": 0}, "missing_lines": [26, 29, 30, 33, 35, 36, 37, 39, 41, 42, 44, 53, 56, 57, 59, 61, 63, 64, 69, 71, 73, 74, 75, 76, 78, 79, 84, 101, 104, 105, 108, 110, 111, 112, 114, 116, 117, 119, 128, 131, 132, 134, 136, 138, 139, 144, 146, 148, 149, 150, 151, 153, 154, 159, 173, 174, 178, 181, 182, 185, 187, 188, 189, 191, 193, 194, 196, 205, 208, 209, 211, 213, 215, 216, 221, 223, 225, 226, 227, 228, 230, 231, 236], "excluded_lines": []}}}, "openapi_server/controllers/media_controller.py": {"executed_lines": [1, 2, 3, 4, 6, 7, 8, 12, 89, 109, 112, 113, 116, 118, 119, 120, 122, 124, 125, 136, 139, 140, 170], "summary": {"covered_lines": 23, "num_statements": 91, "percent_covered": 25.274725274725274, "percent_covered_display": "25", "missing_lines": 68, "excluded_lines": 0}, "missing_lines": [28, 31, 32, 35, 37, 38, 39, 41, 43, 44, 46, 55, 58, 59, 61, 63, 65, 66, 71, 73, 75, 76, 77, 78, 80, 81, 86, 127, 142, 144, 146, 147, 152, 154, 156, 157, 158, 159, 161, 162, 167, 192, 195, 196, 199, 201, 202, 203, 205, 207, 208, 210, 219, 222, 223, 225, 227, 229, 230, 235, 237, 239, 240, 241, 242, 244, 245, 250], "excluded_lines": [], "functions": {"media_delete": {"executed_lines": [], "summary": {"covered_lines": 0, "num_statements": 27, "percent_covered": 0.0, "percent_covered_display": "0", "missing_lines": 27, "excluded_lines": 0}, "missing_lines": [28, 31, 32, 35, 37, 38, 39, 41, 43, 44, 46, 55, 58, 59, 61, 63, 65, 66, 71, 73, 75, 76, 77, 78, 80, 81, 86], "excluded_lines": []}, "media_get": {"executed_lines": [109, 112, 113, 116, 118, 119, 120, 122, 124, 125, 136, 139, 140], "summary": {"covered_lines": 13, "num_statements": 27, "percent_covered": 48.148148148148145, "percent_covered_display": "48", "missing_lines": 14, "excluded_lines": 0}, "missing_lines": [127, 142, 144, 146, 147, 152, 154, 156, 157, 158, 159, 161, 162, 167], "excluded_lines": []}, "upload_media_post": {"executed_lines": [], "summary": {"covered_lines": 0, "num_statements": 27, "percent_covered": 0.0, "percent_covered_display": "0", "missing_lines": 27, "excluded_lines": 0}, "missing_lines": [192, 195, 196, 199, 201, 202, 203, 205, 207, 208, 210, 219, 222, 223, 225, 227, 229, 230, 235, 237, 239, 240, 241, 242, 244, 245, 250], "excluded_lines": []}, "": {"executed_lines": [1, 2, 3, 4, 6, 7, 8, 12, 89, 170], "summary": {"covered_lines": 10, "num_statements": 10, "percent_covered": 100.0, "percent_covered_display": "100", "missing_lines": 0, "excluded_lines": 0}, "missing_lines": [], "excluded_lines": []}}, "classes": {"": {"executed_lines": [1, 2, 3, 4, 6, 7, 8, 12, 89, 109, 112, 113, 116, 118, 119, 120, 122, 124, 125, 136, 139, 140, 170], "summary": {"covered_lines": 23, "num_statements": 91, "percent_covered": 25.274725274725274, "percent_covered_display": "25", "missing_lines": 68, "excluded_lines": 0}, "missing_lines": [28, 31, 32, 35, 37, 38, 39, 41, 43, 44, 46, 55, 58, 59, 61, 63, 65, 66, 71, 73, 75, 76, 77, 78, 80, 81, 86, 127, 142, 144, 146, 147, 152, 154, 156, 157, 158, 159, 161, 162, 167, 192, 195, 196, 199, 201, 202, 203, 205, 207, 208, 210, 219, 222, 223, 225, 227, 229, 230, 235, 237, 239, 240, 241, 242, 244, 245, 250], "excluded_lines": []}}}, "openapi_server/controllers/security_controller.py": {"executed_lines": [], "summary": {"covered_lines": 0, "num_statements": 3, "percent_covered": 0.0, "percent_covered_display": "0", "missing_lines": 3, "excluded_lines": 0}, "missing_lines": [1, 4, 15], "excluded_lines": [], "functions": {"info_from_bearerAuth": {"executed_lines": [], "summary": {"covered_lines": 0, "num_statements": 1, "percent_covered": 0.0, "percent_covered_display": "0", "missing_lines": 1, "excluded_lines": 0}, "missing_lines": [15], "excluded_lines": []}, "": {"executed_lines": [], "summary": {"covered_lines": 0, "num_statements": 2, "percent_covered": 0.0, "percent_covered_display": "0", "missing_lines": 2, "excluded_lines": 0}, "missing_lines": [1, 4], "excluded_lines": []}}, "classes": {"": {"executed_lines": [], "summary": {"covered_lines": 0, "num_statements": 3, "percent_covered": 0.0, "percent_covered_display": "0", "missing_lines": 3, "excluded_lines": 0}, "missing_lines": [1, 4, 15], "excluded_lines": []}}}, "openapi_server/controllers/system_controller.py": {"executed_lines": [1, 2, 3, 4, 6, 7, 8, 9, 13, 86, 98, 101, 102, 105, 107, 108, 109, 111, 113, 114, 125, 128, 129, 159, 236, 248, 251, 252, 255, 257, 258, 259, 261, 263, 264, 275, 278, 279], "summary": {"covered_lines": 38, "num_statements": 122, "percent_covered": 31.147540983606557, "percent_covered_display": "31", "missing_lines": 84, "excluded_lines": 0}, "missing_lines": [25, 28, 29, 32, 34, 35, 36, 38, 40, 41, 43, 52, 55, 56, 58, 60, 62, 63, 68, 70, 72, 73, 74, 75, 77, 78, 83, 116, 131, 133, 135, 136, 141, 143, 145, 146, 147, 148, 150, 151, 156, 170, 171, 175, 178, 179, 182, 184, 185, 186, 188, 190, 191, 193, 202, 205, 206, 208, 210, 212, 213, 218, 220, 222, 223, 224, 225, 227, 228, 233, 266, 281, 283, 285, 286, 291, 293, 295, 296, 297, 298, 300, 301, 306], "excluded_lines": [], "functions": {"chatgpt_health_get": {"executed_lines": [], "summary": {"covered_lines": 0, "num_statements": 27, "percent_covered": 0.0, "percent_covered_display": "0", "missing_lines": 27, "excluded_lines": 0}, "missing_lines": [25, 28, 29, 32, 34, 35, 36, 38, 40, 41, 43, 52, 55, 56, 58, 60, 62, 63, 68, 70, 72, 73, 74, 75, 77, 78, 83], "excluded_lines": []}, "feature_flags_get": {"executed_lines": [98, 101, 102, 105, 107, 108, 109, 111, 113, 114, 125, 128, 129], "summary": {"covered_lines": 13, "num_statements": 27, "percent_covered": 48.148148148148145, "percent_covered_display": "48", "missing_lines": 14, "excluded_lines": 0}, "missing_lines": [116, 131, 133, 135, 136, 141, 143, 145, 146, 147, 148, 150, 151, 156], "excluded_lines": []}, "feature_flags_patch": {"executed_lines": [], "summary": {"covered_lines": 0, "num_statements": 29, "percent_covered": 0.0, "percent_covered_display": "0", "missing_lines": 29, "excluded_lines": 0}, "missing_lines": [170, 171, 175, 178, 179, 182, 184, 185, 186, 188, 190, 191, 193, 202, 205, 206, 208, 210, 212, 213, 218, 220, 222, 223, 224, 225, 227, 228, 233], "excluded_lines": []}, "system_health_get": {"executed_lines": [248, 251, 252, 255, 257, 258, 259, 261, 263, 264, 275, 278, 279], "summary": {"covered_lines": 13, "num_statements": 27, "percent_covered": 48.148148148148145, "percent_covered_display": "48", "missing_lines": 14, "excluded_lines": 0}, "missing_lines": [266, 281, 283, 285, 286, 291, 293, 295, 296, 297, 298, 300, 301, 306], "excluded_lines": []}, "": {"executed_lines": [1, 2, 3, 4, 6, 7, 8, 9, 13, 86, 159, 236], "summary": {"covered_lines": 12, "num_statements": 12, "percent_covered": 100.0, "percent_covered_display": "100", "missing_lines": 0, "excluded_lines": 0}, "missing_lines": [], "excluded_lines": []}}, "classes": {"": {"executed_lines": [1, 2, 3, 4, 6, 7, 8, 9, 13, 86, 98, 101, 102, 105, 107, 108, 109, 111, 113, 114, 125, 128, 129, 159, 236, 248, 251, 252, 255, 257, 258, 259, 261, 263, 264, 275, 278, 279], "summary": {"covered_lines": 38, "num_statements": 122, "percent_covered": 31.147540983606557, "percent_covered_display": "31", "missing_lines": 84, "excluded_lines": 0}, "missing_lines": [25, 28, 29, 32, 34, 35, 36, 38, 40, 41, 43, 52, 55, 56, 58, 60, 62, 63, 68, 70, 72, 73, 74, 75, 77, 78, 83, 116, 131, 133, 135, 136, 141, 143, 145, 146, 147, 148, 150, 151, 156, 170, 171, 175, 178, 179, 182, 184, 185, 186, 188, 190, 191, 193, 202, 205, 206, 208, 210, 212, 213, 218, 220, 222, 223, 224, 225, 227, 228, 233, 266, 281, 283, 285, 286, 291, 293, 295, 296, 297, 298, 300, 301, 306], "excluded_lines": []}}}, "openapi_server/controllers/test_controller.py": {"executed_lines": [1, 2, 3, 4, 6, 7, 11], "summary": {"covered_lines": 7, "num_statements": 36, "percent_covered": 19.444444444444443, "percent_covered_display": "19", "missing_lines": 29, "excluded_lines": 0}, "missing_lines": [22, 23, 27, 30, 31, 34, 36, 37, 38, 40, 42, 43, 45, 54, 57, 58, 60, 62, 64, 65, 70, 72, 74, 75, 76, 77, 79, 80, 85], "excluded_lines": [], "functions": {"test_stress_body": {"executed_lines": [], "summary": {"covered_lines": 0, "num_statements": 29, "percent_covered": 0.0, "percent_covered_display": "0", "missing_lines": 29, "excluded_lines": 0}, "missing_lines": [22, 23, 27, 30, 31, 34, 36, 37, 38, 40, 42, 43, 45, 54, 57, 58, 60, 62, 64, 65, 70, 72, 74, 75, 76, 77, 79, 80, 85], "excluded_lines": []}, "": {"executed_lines": [1, 2, 3, 4, 6, 7, 11], "summary": {"covered_lines": 7, "num_statements": 7, "percent_covered": 100.0, "percent_covered_display": "100", "missing_lines": 0, "excluded_lines": 0}, "missing_lines": [], "excluded_lines": []}}, "classes": {"": {"executed_lines": [1, 2, 3, 4, 6, 7, 11], "summary": {"covered_lines": 7, "num_statements": 36, "percent_covered": 19.444444444444443, "percent_covered_display": "19", "missing_lines": 29, "excluded_lines": 0}, "missing_lines": [22, 23, 27, 30, 31, 34, 36, 37, 38, 40, 42, 43, 45, 54, 57, 58, 60, 62, 64, 65, 70, 72, 74, 75, 76, 77, 79, 80, 85], "excluded_lines": []}}}, "openapi_server/controllers/ui_controller.py": {"executed_lines": [1, 2, 3, 4, 6, 7, 8, 12, 24, 27, 28, 31, 33, 34, 35, 37, 39, 40, 51, 54, 55, 85, 97, 100, 101, 104, 106, 107, 108, 110, 112, 113, 124, 127, 128, 158, 170, 173, 174, 177, 179, 180, 181, 183, 185, 186, 197, 200, 201], "summary": {"covered_lines": 49, "num_statements": 91, "percent_covered": 53.84615384615385, "percent_covered_display": "54", "missing_lines": 42, "excluded_lines": 0}, "missing_lines": [42, 57, 59, 61, 62, 67, 69, 71, 72, 73, 74, 76, 77, 82, 115, 130, 132, 134, 135, 140, 142, 144, 145, 146, 147, 149, 150, 155, 188, 203, 205, 207, 208, 213, 215, 217, 218, 219, 220, 222, 223, 228], "excluded_lines": [], "functions": {"admin_get": {"executed_lines": [24, 27, 28, 31, 33, 34, 35, 37, 39, 40, 51, 54, 55], "summary": {"covered_lines": 13, "num_statements": 27, "percent_covered": 48.148148148148145, "percent_covered_display": "48", "missing_lines": 14, "excluded_lines": 0}, "missing_lines": [42, 57, 59, 61, 62, 67, 69, 71, 72, 73, 74, 76, 77, 82], "excluded_lines": []}, "member_get": {"executed_lines": [97, 100, 101, 104, 106, 107, 108, 110, 112, 113, 124, 127, 128], "summary": {"covered_lines": 13, "num_statements": 27, "percent_covered": 48.148148148148145, "percent_covered_display": "48", "missing_lines": 14, "excluded_lines": 0}, "missing_lines": [115, 130, 132, 134, 135, 140, 142, 144, 145, 146, 147, 149, 150, 155], "excluded_lines": []}, "root_get": {"executed_lines": [170, 173, 174, 177, 179, 180, 181, 183, 185, 186, 197, 200, 201], "summary": {"covered_lines": 13, "num_statements": 27, "percent_covered": 48.148148148148145, "percent_covered_display": "48", "missing_lines": 14, "excluded_lines": 0}, "missing_lines": [188, 203, 205, 207, 208, 213, 215, 217, 218, 219, 220, 222, 223, 228], "excluded_lines": []}, "": {"executed_lines": [1, 2, 3, 4, 6, 7, 8, 12, 85, 158], "summary": {"covered_lines": 10, "num_statements": 10, "percent_covered": 100.0, "percent_covered_display": "100", "missing_lines": 0, "excluded_lines": 0}, "missing_lines": [], "excluded_lines": []}}, "classes": {"": {"executed_lines": [1, 2, 3, 4, 6, 7, 8, 12, 24, 27, 28, 31, 33, 34, 35, 37, 39, 40, 51, 54, 55, 85, 97, 100, 101, 104, 106, 107, 108, 110, 112, 113, 124, 127, 128, 158, 170, 173, 174, 177, 179, 180, 181, 183, 185, 186, 197, 200, 201], "summary": {"covered_lines": 49, "num_statements": 91, "percent_covered": 53.84615384615385, "percent_covered_display": "54", "missing_lines": 42, "excluded_lines": 0}, "missing_lines": [42, 57, 59, 61, 62, 67, 69, 71, 72, 73, 74, 76, 77, 82, 115, 130, 132, 134, 135, 140, 142, 144, 145, 146, 147, 149, 150, 155, 188, 203, 205, 207, 208, 213, 215, 217, 218, 219, 220, 222, 223, 228], "excluded_lines": []}}}, "openapi_server/controllers/users_controller.py": {"executed_lines": [1, 2, 3, 4, 6, 10, 22, 25, 26, 29, 31, 32, 33, 35, 37, 38, 49, 52, 53], "summary": {"covered_lines": 19, "num_statements": 33, "percent_covered": 57.57575757575758, "percent_covered_display": "58", "missing_lines": 14, "excluded_lines": 0}, "missing_lines": [40, 55, 57, 59, 60, 65, 67, 69, 70, 71, 72, 74, 75, 80], "excluded_lines": [], "functions": {"me_get": {"executed_lines": [22, 25, 26, 29, 31, 32, 33, 35, 37, 38, 49, 52, 53], "summary": {"covered_lines": 13, "num_statements": 27, "percent_covered": 48.148148148148145, "percent_covered_display": "48", "missing_lines": 14, "excluded_lines": 0}, "missing_lines": [40, 55, 57, 59, 60, 65, 67, 69, 70, 71, 72, 74, 75, 80], "excluded_lines": []}, "": {"executed_lines": [1, 2, 3, 4, 6, 10], "summary": {"covered_lines": 6, "num_statements": 6, "percent_covered": 100.0, "percent_covered_display": "100", "missing_lines": 0, "excluded_lines": 0}, "missing_lines": [], "excluded_lines": []}}, "classes": {"": {"executed_lines": [1, 2, 3, 4, 6, 10, 22, 25, 26, 29, 31, 32, 33, 35, 37, 38, 49, 52, 53], "summary": {"covered_lines": 19, "num_statements": 33, "percent_covered": 57.57575757575758, "percent_covered_display": "58", "missing_lines": 14, "excluded_lines": 0}, "missing_lines": [40, 55, 57, 59, 60, 65, 67, 69, 70, 71, 72, 74, 75, 80], "excluded_lines": []}}}, "openapi_server/encoder.py": {"executed_lines": [1, 3, 6, 7, 9, 10, 19], "summary": {"covered_lines": 7, "num_statements": 15, "percent_covered": 46.666666666666664, "percent_covered_display": "47", "missing_lines": 8, "excluded_lines": 0}, "missing_lines": [11, 12, 13, 14, 15, 16, 17, 18], "excluded_lines": [], "functions": {"JSONEncoder.default": {"executed_lines": [10, 19], "summary": {"covered_lines": 2, "num_statements": 10, "percent_covered": 20.0, "percent_covered_display": "20", "missing_lines": 8, "excluded_lines": 0}, "missing_lines": [11, 12, 13, 14, 15, 16, 17, 18], "excluded_lines": []}, "": {"executed_lines": [1, 3, 6, 7, 9], "summary": {"covered_lines": 5, "num_statements": 5, "percent_covered": 100.0, "percent_covered_display": "100", "missing_lines": 0, "excluded_lines": 0}, "missing_lines": [], "excluded_lines": []}}, "classes": {"JSONEncoder": {"executed_lines": [10, 19], "summary": {"covered_lines": 2, "num_statements": 10, "percent_covered": 20.0, "percent_covered_display": "20", "missing_lines": 8, "excluded_lines": 0}, "missing_lines": [11, 12, 13, 14, 15, 16, 17, 18], "excluded_lines": []}, "": {"executed_lines": [1, 3, 6, 7, 9], "summary": {"covered_lines": 5, "num_statements": 5, "percent_covered": 100.0, "percent_covered_display": "100", "missing_lines": 0, "excluded_lines": 0}, "missing_lines": [], "excluded_lines": []}}}, "openapi_server/impl/__init__.py": {"executed_lines": [0], "summary": {"covered_lines": 0, "num_statements": 0, "percent_covered": 100.0, "percent_covered_display": "100", "missing_lines": 0, "excluded_lines": 0}, "missing_lines": [], "excluded_lines": [], "functions": {"": {"executed_lines": [], "summary": {"covered_lines": 0, "num_statements": 0, "percent_covered": 100.0, "percent_covered_display": "100", "missing_lines": 0, "excluded_lines": 0}, "missing_lines": [], "excluded_lines": []}}, "classes": {"": {"executed_lines": [], "summary": {"covered_lines": 0, "num_statements": 0, "percent_covered": 100.0, "percent_covered_display": "100", "missing_lines": 0, "excluded_lines": 0}, "missing_lines": [], "excluded_lines": []}}}, "openapi_server/impl/adapters/__init__.py": {"executed_lines": [1], "summary": {"covered_lines": 0, "num_statements": 0, "percent_covered": 100.0, "percent_covered_display": "100", "missing_lines": 0, "excluded_lines": 0}, "missing_lines": [], "excluded_lines": [], "functions": {"": {"executed_lines": [1], "summary": {"covered_lines": 0, "num_statements": 0, "percent_covered": 100.0, "percent_covered_display": "100", "missing_lines": 0, "excluded_lines": 0}, "missing_lines": [], "excluded_lines": []}}, "classes": {"": {"executed_lines": [1], "summary": {"covered_lines": 0, "num_statements": 0, "percent_covered": 100.0, "percent_covered_display": "100", "missing_lines": 0, "excluded_lines": 0}, "missing_lines": [], "excluded_lines": []}}}, "openapi_server/impl/adapters/audit_service.py": {"executed_lines": [1, 2, 3, 4, 5, 7, 9, 10, 16, 21, 22, 24, 25, 27, 39, 41, 42, 47, 55, 63, 65, 67, 68, 69, 70], "summary": {"covered_lines": 23, "num_statements": 34, "percent_covered": 67.6470588235294, "percent_covered_display": "68", "missing_lines": 11, "excluded_lines": 0}, "missing_lines": [17, 18, 29, 45, 49, 50, 53, 57, 58, 61, 73], "excluded_lines": [], "functions": {"StandardAuditService.__init__": {"executed_lines": [25], "summary": {"covered_lines": 1, "num_statements": 1, "percent_covered": 100.0, "percent_covered_display": "100", "missing_lines": 0, "excluded_lines": 0}, "missing_lines": [], "excluded_lines": []}, "StandardAuditService.log_event": {"executed_lines": [], "summary": {"covered_lines": 0, "num_statements": 1, "percent_covered": 0.0, "percent_covered_display": "0", "missing_lines": 1, "excluded_lines": 0}, "missing_lines": [29], "excluded_lines": []}, "StandardAuditService.create_creation_audit": {"executed_lines": [41, 42], "summary": {"covered_lines": 2, "num_statements": 3, "percent_covered": 66.66666666666667, "percent_covered_display": "67", "missing_lines": 1, "excluded_lines": 0}, "missing_lines": [45], "excluded_lines": []}, "StandardAuditService.create_modification_audit": {"executed_lines": [], "summary": {"covered_lines": 0, "num_statements": 3, "percent_covered": 0.0, "percent_covered_display": "0", "missing_lines": 3, "excluded_lines": 0}, "missing_lines": [49, 50, 53], "excluded_lines": []}, "StandardAuditService.create_deletion_audit": {"executed_lines": [], "summary": {"covered_lines": 0, "num_statements": 3, "percent_covered": 0.0, "percent_covered_display": "0", "missing_lines": 3, "excluded_lines": 0}, "missing_lines": [57, 58, 61], "excluded_lines": []}, "StandardAuditService.extract_actor_data": {"executed_lines": [65, 67, 68, 69, 70], "summary": {"covered_lines": 5, "num_statements": 6, "percent_covered": 83.33333333333333, "percent_covered_display": "83", "missing_lines": 1, "excluded_lines": 0}, "missing_lines": [73], "excluded_lines": []}, "": {"executed_lines": [1, 2, 3, 4, 5, 7, 9, 10, 16, 21, 22, 24, 27, 39, 47, 55, 63], "summary": {"covered_lines": 15, "num_statements": 17, "percent_covered": 88.23529411764706, "percent_covered_display": "88", "missing_lines": 2, "excluded_lines": 0}, "missing_lines": [17, 18], "excluded_lines": []}}, "classes": {"StandardAuditService": {"executed_lines": [25, 41, 42, 65, 67, 68, 69, 70], "summary": {"covered_lines": 8, "num_statements": 17, "percent_covered": 47.05882352941177, "percent_covered_display": "47", "missing_lines": 9, "excluded_lines": 0}, "missing_lines": [29, 45, 49, 50, 53, 57, 58, 61, 73], "excluded_lines": []}, "": {"executed_lines": [1, 2, 3, 4, 5, 7, 9, 10, 16, 21, 22, 24, 27, 39, 47, 55, 63], "summary": {"covered_lines": 15, "num_statements": 17, "percent_covered": 88.23529411764706, "percent_covered_display": "88", "missing_lines": 2, "excluded_lines": 0}, "missing_lines": [17, 18], "excluded_lines": []}}}, "openapi_server/impl/adapters/aws_lambda/__init__.py": {"executed_lines": [0], "summary": {"covered_lines": 0, "num_statements": 0, "percent_covered": 100.0, "percent_covered_display": "100", "missing_lines": 0, "excluded_lines": 0}, "missing_lines": [], "excluded_lines": [], "functions": {"": {"executed_lines": [], "summary": {"covered_lines": 0, "num_statements": 0, "percent_covered": 100.0, "percent_covered_display": "100", "missing_lines": 0, "excluded_lines": 0}, "missing_lines": [], "excluded_lines": []}}, "classes": {"": {"executed_lines": [], "summary": {"covered_lines": 0, "num_statements": 0, "percent_covered": 100.0, "percent_covered_display": "100", "missing_lines": 0, "excluded_lines": 0}, "missing_lines": [], "excluded_lines": []}}}, "openapi_server/impl/adapters/aws_lambda/animal_handlers.py": {"executed_lines": [1, 2, 3, 4, 5, 9, 12, 13, 15, 21, 61, 103, 145, 205, 262, 304], "summary": {"covered_lines": 14, "num_statements": 106, "percent_covered": 13.20754716981132, "percent_covered_display": "13", "missing_lines": 92, "excluded_lines": 0}, "missing_lines": [17, 18, 19, 32, 34, 37, 40, 42, 43, 48, 49, 54, 55, 72, 74, 75, 77, 78, 85, 88, 90, 91, 96, 97, 114, 116, 117, 120, 123, 124, 125, 126, 127, 129, 138, 139, 156, 158, 159, 161, 162, 169, 172, 174, 175, 180, 181, 186, 187, 192, 193, 198, 199, 216, 218, 219, 221, 222, 229, 231, 237, 238, 243, 244, 249, 250, 255, 256, 273, 275, 276, 278, 279, 286, 289, 291, 292, 297, 298, 315, 317, 318, 320, 321, 328, 331, 333, 334, 339, 340, 345, 346], "excluded_lines": [], "functions": {"LambdaAnimalHandler.__init__": {"executed_lines": [], "summary": {"covered_lines": 0, "num_statements": 3, "percent_covered": 0.0, "percent_covered_display": "0", "missing_lines": 3, "excluded_lines": 0}, "missing_lines": [17, 18, 19], "excluded_lines": []}, "LambdaAnimalHandler.create_animal": {"executed_lines": [], "summary": {"covered_lines": 0, "num_statements": 10, "percent_covered": 0.0, "percent_covered_display": "0", "missing_lines": 10, "excluded_lines": 0}, "missing_lines": [32, 34, 37, 40, 42, 43, 48, 49, 54, 55], "excluded_lines": []}, "LambdaAnimalHandler.get_animal": {"executed_lines": [], "summary": {"covered_lines": 0, "num_statements": 11, "percent_covered": 0.0, "percent_covered_display": "0", "missing_lines": 11, "excluded_lines": 0}, "missing_lines": [72, 74, 75, 77, 78, 85, 88, 90, 91, 96, 97], "excluded_lines": []}, "LambdaAnimalHandler.list_animals": {"executed_lines": [], "summary": {"covered_lines": 0, "num_statements": 12, "percent_covered": 0.0, "percent_covered_display": "0", "missing_lines": 12, "excluded_lines": 0}, "missing_lines": [114, 116, 117, 120, 123, 124, 125, 126, 127, 129, 138, 139], "excluded_lines": []}, "LambdaAnimalHandler.update_animal": {"executed_lines": [], "summary": {"covered_lines": 0, "num_statements": 17, "percent_covered": 0.0, "percent_covered_display": "0", "missing_lines": 17, "excluded_lines": 0}, "missing_lines": [156, 158, 159, 161, 162, 169, 172, 174, 175, 180, 181, 186, 187, 192, 193, 198, 199], "excluded_lines": []}, "LambdaAnimalHandler.delete_animal": {"executed_lines": [], "summary": {"covered_lines": 0, "num_statements": 15, "percent_covered": 0.0, "percent_covered_display": "0", "missing_lines": 15, "excluded_lines": 0}, "missing_lines": [216, 218, 219, 221, 222, 229, 231, 237, 238, 243, 244, 249, 250, 255, 256], "excluded_lines": []}, "LambdaAnimalHandler.get_animal_config": {"executed_lines": [], "summary": {"covered_lines": 0, "num_statements": 11, "percent_covered": 0.0, "percent_covered_display": "0", "missing_lines": 11, "excluded_lines": 0}, "missing_lines": [273, 275, 276, 278, 279, 286, 289, 291, 292, 297, 298], "excluded_lines": []}, "LambdaAnimalHandler.update_animal_config": {"executed_lines": [], "summary": {"covered_lines": 0, "num_statements": 13, "percent_covered": 0.0, "percent_covered_display": "0", "missing_lines": 13, "excluded_lines": 0}, "missing_lines": [315, 317, 318, 320, 321, 328, 331, 333, 334, 339, 340, 345, 346], "excluded_lines": []}, "": {"executed_lines": [1, 2, 3, 4, 5, 9, 12, 13, 15, 21, 61, 103, 145, 205, 262, 304], "summary": {"covered_lines": 14, "num_statements": 14, "percent_covered": 100.0, "percent_covered_display": "100", "missing_lines": 0, "excluded_lines": 0}, "missing_lines": [], "excluded_lines": []}}, "classes": {"LambdaAnimalHandler": {"executed_lines": [], "summary": {"covered_lines": 0, "num_statements": 92, "percent_covered": 0.0, "percent_covered_display": "0", "missing_lines": 92, "excluded_lines": 0}, "missing_lines": [17, 18, 19, 32, 34, 37, 40, 42, 43, 48, 49, 54, 55, 72, 74, 75, 77, 78, 85, 88, 90, 91, 96, 97, 114, 116, 117, 120, 123, 124, 125, 126, 127, 129, 138, 139, 156, 158, 159, 161, 162, 169, 172, 174, 175, 180, 181, 186, 187, 192, 193, 198, 199, 216, 218, 219, 221, 222, 229, 231, 237, 238, 243, 244, 249, 250, 255, 256, 273, 275, 276, 278, 279, 286, 289, 291, 292, 297, 298, 315, 317, 318, 320, 321, 328, 331, 333, 334, 339, 340, 345, 346], "excluded_lines": []}, "": {"executed_lines": [1, 2, 3, 4, 5, 9, 12, 13, 15, 21, 61, 103, 145, 205, 262, 304], "summary": {"covered_lines": 14, "num_statements": 14, "percent_covered": 100.0, "percent_covered_display": "100", "missing_lines": 0, "excluded_lines": 0}, "missing_lines": [], "excluded_lines": []}}}, "openapi_server/impl/adapters/aws_lambda/handlers.py": {"executed_lines": [1, 2, 3, 4, 5, 9, 12, 13, 15, 21, 49, 79, 128, 165, 202, 241, 271, 319, 356, 393], "summary": {"covered_lines": 18, "num_statements": 167, "percent_covered": 10.778443113772456, "percent_covered_display": "11", "missing_lines": 149, "excluded_lines": 0}, "missing_lines": [17, 18, 19, 32, 34, 37, 40, 42, 43, 44, 45, 46, 47, 60, 62, 63, 65, 66, 69, 72, 74, 75, 76, 77, 90, 92, 93, 94, 96, 97, 98, 99, 100, 102, 103, 104, 105, 106, 109, 112, 113, 114, 116, 125, 126, 139, 141, 142, 144, 145, 148, 151, 154, 156, 157, 158, 159, 160, 161, 162, 163, 176, 178, 179, 181, 182, 185, 187, 195, 196, 197, 198, 199, 200, 213, 215, 218, 221, 223, 232, 233, 234, 235, 236, 237, 238, 239, 252, 254, 255, 257, 258, 261, 264, 266, 267, 268, 269, 282, 284, 285, 286, 288, 289, 290, 291, 292, 294, 295, 296, 297, 298, 301, 304, 305, 307, 316, 317, 330, 332, 333, 335, 336, 339, 342, 345, 347, 348, 349, 350, 351, 352, 353, 354, 367, 369, 370, 372, 373, 376, 378, 386, 387, 388, 389, 390, 391, 395, 400], "excluded_lines": [], "functions": {"LambdaUserHandler.__init__": {"executed_lines": [], "summary": {"covered_lines": 0, "num_statements": 3, "percent_covered": 0.0, "percent_covered_display": "0", "missing_lines": 3, "excluded_lines": 0}, "missing_lines": [17, 18, 19], "excluded_lines": []}, "LambdaUserHandler.create_user": {"executed_lines": [], "summary": {"covered_lines": 0, "num_statements": 10, "percent_covered": 0.0, "percent_covered_display": "0", "missing_lines": 10, "excluded_lines": 0}, "missing_lines": [32, 34, 37, 40, 42, 43, 44, 45, 46, 47], "excluded_lines": []}, "LambdaUserHandler.get_user": {"executed_lines": [], "summary": {"covered_lines": 0, "num_statements": 11, "percent_covered": 0.0, "percent_covered_display": "0", "missing_lines": 11, "excluded_lines": 0}, "missing_lines": [60, 62, 63, 65, 66, 69, 72, 74, 75, 76, 77], "excluded_lines": []}, "LambdaUserHandler.list_users": {"executed_lines": [], "summary": {"covered_lines": 0, "num_statements": 21, "percent_covered": 0.0, "percent_covered_display": "0", "missing_lines": 21, "excluded_lines": 0}, "missing_lines": [90, 92, 93, 94, 96, 97, 98, 99, 100, 102, 103, 104, 105, 106, 109, 112, 113, 114, 116, 125, 126], "excluded_lines": []}, "LambdaUserHandler.update_user": {"executed_lines": [], "summary": {"covered_lines": 0, "num_statements": 16, "percent_covered": 0.0, "percent_covered_display": "0", "missing_lines": 16, "excluded_lines": 0}, "missing_lines": [139, 141, 142, 144, 145, 148, 151, 154, 156, 157, 158, 159, 160, 161, 162, 163], "excluded_lines": []}, "LambdaUserHandler.delete_user": {"executed_lines": [], "summary": {"covered_lines": 0, "num_statements": 13, "percent_covered": 0.0, "percent_covered_display": "0", "missing_lines": 13, "excluded_lines": 0}, "missing_lines": [176, 178, 179, 181, 182, 185, 187, 195, 196, 197, 198, 199, 200], "excluded_lines": []}, "LambdaUserHandler.create_user_details": {"executed_lines": [], "summary": {"covered_lines": 0, "num_statements": 13, "percent_covered": 0.0, "percent_covered_display": "0", "missing_lines": 13, "excluded_lines": 0}, "missing_lines": [213, 215, 218, 221, 223, 232, 233, 234, 235, 236, 237, 238, 239], "excluded_lines": []}, "LambdaUserHandler.get_user_details": {"executed_lines": [], "summary": {"covered_lines": 0, "num_statements": 11, "percent_covered": 0.0, "percent_covered_display": "0", "missing_lines": 11, "excluded_lines": 0}, "missing_lines": [252, 254, 255, 257, 258, 261, 264, 266, 267, 268, 269], "excluded_lines": []}, "LambdaUserHandler.list_user_details": {"executed_lines": [], "summary": {"covered_lines": 0, "num_statements": 20, "percent_covered": 0.0, "percent_covered_display": "0", "missing_lines": 20, "excluded_lines": 0}, "missing_lines": [282, 284, 285, 286, 288, 289, 290, 291, 292, 294, 295, 296, 297, 298, 301, 304, 305, 307, 316, 317], "excluded_lines": []}, "LambdaUserHandler.update_user_details": {"executed_lines": [], "summary": {"covered_lines": 0, "num_statements": 16, "percent_covered": 0.0, "percent_covered_display": "0", "missing_lines": 16, "excluded_lines": 0}, "missing_lines": [330, 332, 333, 335, 336, 339, 342, 345, 347, 348, 349, 350, 351, 352, 353, 354], "excluded_lines": []}, "LambdaUserHandler.delete_user_details": {"executed_lines": [], "summary": {"covered_lines": 0, "num_statements": 13, "percent_covered": 0.0, "percent_covered_display": "0", "missing_lines": 13, "excluded_lines": 0}, "missing_lines": [367, 369, 370, 372, 373, 376, 378, 386, 387, 388, 389, 390, 391], "excluded_lines": []}, "LambdaUserHandler._create_error_response": {"executed_lines": [], "summary": {"covered_lines": 0, "num_statements": 2, "percent_covered": 0.0, "percent_covered_display": "0", "missing_lines": 2, "excluded_lines": 0}, "missing_lines": [395, 400], "excluded_lines": []}, "": {"executed_lines": [1, 2, 3, 4, 5, 9, 12, 13, 15, 21, 49, 79, 128, 165, 202, 241, 271, 319, 356, 393], "summary": {"covered_lines": 18, "num_statements": 18, "percent_covered": 100.0, "percent_covered_display": "100", "missing_lines": 0, "excluded_lines": 0}, "missing_lines": [], "excluded_lines": []}}, "classes": {"LambdaUserHandler": {"executed_lines": [], "summary": {"covered_lines": 0, "num_statements": 149, "percent_covered": 0.0, "percent_covered_display": "0", "missing_lines": 149, "excluded_lines": 0}, "missing_lines": [17, 18, 19, 32, 34, 37, 40, 42, 43, 44, 45, 46, 47, 60, 62, 63, 65, 66, 69, 72, 74, 75, 76, 77, 90, 92, 93, 94, 96, 97, 98, 99, 100, 102, 103, 104, 105, 106, 109, 112, 113, 114, 116, 125, 126, 139, 141, 142, 144, 145, 148, 151, 154, 156, 157, 158, 159, 160, 161, 162, 163, 176, 178, 179, 181, 182, 185, 187, 195, 196, 197, 198, 199, 200, 213, 215, 218, 221, 223, 232, 233, 234, 235, 236, 237, 238, 239, 252, 254, 255, 257, 258, 261, 264, 266, 267, 268, 269, 282, 284, 285, 286, 288, 289, 290, 291, 292, 294, 295, 296, 297, 298, 301, 304, 305, 307, 316, 317, 330, 332, 333, 335, 336, 339, 342, 345, 347, 348, 349, 350, 351, 352, 353, 354, 367, 369, 370, 372, 373, 376, 378, 386, 387, 388, 389, 390, 391, 395, 400], "excluded_lines": []}, "": {"executed_lines": [1, 2, 3, 4, 5, 9, 12, 13, 15, 21, 49, 79, 128, 165, 202, 241, 271, 319, 356, 393], "summary": {"covered_lines": 18, "num_statements": 18, "percent_covered": 100.0, "percent_covered_display": "100", "missing_lines": 0, "excluded_lines": 0}, "missing_lines": [], "excluded_lines": []}}}, "openapi_server/impl/adapters/aws_lambda/serializers.py": {"executed_lines": [1, 2, 3, 4, 5, 6, 12, 13, 15, 19, 24, 33, 37, 69, 92, 93, 95, 99, 104, 113, 117, 139, 153, 154, 156, 159, 163, 171, 174, 192, 205, 206, 208, 211, 215, 223, 226, 249, 262, 263, 265, 283], "summary": {"covered_lines": 36, "num_statements": 146, "percent_covered": 24.65753424657534, "percent_covered_display": "25", "missing_lines": 110, "excluded_lines": 0}, "missing_lines": [17, 21, 22, 26, 27, 28, 29, 31, 35, 49, 52, 53, 54, 55, 56, 57, 60, 61, 64, 65, 67, 80, 82, 97, 101, 102, 106, 107, 108, 109, 111, 115, 119, 122, 123, 124, 125, 126, 127, 130, 131, 134, 135, 137, 141, 143, 157, 160, 161, 164, 165, 166, 167, 169, 172, 175, 177, 178, 179, 180, 181, 182, 184, 185, 187, 188, 190, 193, 195, 209, 212, 213, 216, 217, 218, 219, 221, 224, 227, 229, 230, 231, 232, 233, 234, 236, 238, 239, 240, 241, 242, 244, 245, 247, 250, 252, 266, 268, 269, 270, 271, 272, 273, 275, 276, 277, 278, 279, 281, 284], "excluded_lines": [], "functions": {"LambdaUserSerializer.from_external": {"executed_lines": [], "summary": {"covered_lines": 0, "num_statements": 1, "percent_covered": 0.0, "percent_covered_display": "0", "missing_lines": 1, "excluded_lines": 0}, "missing_lines": [17], "excluded_lines": []}, "LambdaUserSerializer.to_external": {"executed_lines": [], "summary": {"covered_lines": 0, "num_statements": 2, "percent_covered": 0.0, "percent_covered_display": "0", "missing_lines": 2, "excluded_lines": 0}, "missing_lines": [21, 22], "excluded_lines": []}, "LambdaUserSerializer.from_openapi": {"executed_lines": [], "summary": {"covered_lines": 0, "num_statements": 5, "percent_covered": 0.0, "percent_covered_display": "0", "missing_lines": 5, "excluded_lines": 0}, "missing_lines": [26, 27, 28, 29, 31], "excluded_lines": []}, "LambdaUserSerializer.to_openapi": {"executed_lines": [], "summary": {"covered_lines": 0, "num_statements": 1, "percent_covered": 0.0, "percent_covered_display": "0", "missing_lines": 1, "excluded_lines": 0}, "missing_lines": [35], "excluded_lines": []}, "LambdaUserSerializer.from_lambda_event": {"executed_lines": [], "summary": {"covered_lines": 0, "num_statements": 12, "percent_covered": 0.0, "percent_covered_display": "0", "missing_lines": 12, "excluded_lines": 0}, "missing_lines": [49, 52, 53, 54, 55, 56, 57, 60, 61, 64, 65, 67], "excluded_lines": []}, "LambdaUserSerializer.to_lambda_response": {"executed_lines": [], "summary": {"covered_lines": 0, "num_statements": 2, "percent_covered": 0.0, "percent_covered_display": "0", "missing_lines": 2, "excluded_lines": 0}, "missing_lines": [80, 82], "excluded_lines": []}, "LambdaUserDetailsSerializer.from_external": {"executed_lines": [], "summary": {"covered_lines": 0, "num_statements": 1, "percent_covered": 0.0, "percent_covered_display": "0", "missing_lines": 1, "excluded_lines": 0}, "missing_lines": [97], "excluded_lines": []}, "LambdaUserDetailsSerializer.to_external": {"executed_lines": [], "summary": {"covered_lines": 0, "num_statements": 2, "percent_covered": 0.0, "percent_covered_display": "0", "missing_lines": 2, "excluded_lines": 0}, "missing_lines": [101, 102], "excluded_lines": []}, "LambdaUserDetailsSerializer.from_openapi": {"executed_lines": [], "summary": {"covered_lines": 0, "num_statements": 5, "percent_covered": 0.0, "percent_covered_display": "0", "missing_lines": 5, "excluded_lines": 0}, "missing_lines": [106, 107, 108, 109, 111], "excluded_lines": []}, "LambdaUserDetailsSerializer.to_openapi": {"executed_lines": [], "summary": {"covered_lines": 0, "num_statements": 1, "percent_covered": 0.0, "percent_covered_display": "0", "missing_lines": 1, "excluded_lines": 0}, "missing_lines": [115], "excluded_lines": []}, "LambdaUserDetailsSerializer.from_lambda_event": {"executed_lines": [], "summary": {"covered_lines": 0, "num_statements": 12, "percent_covered": 0.0, "percent_covered_display": "0", "missing_lines": 12, "excluded_lines": 0}, "missing_lines": [119, 122, 123, 124, 125, 126, 127, 130, 131, 134, 135, 137], "excluded_lines": []}, "LambdaUserDetailsSerializer.to_lambda_response": {"executed_lines": [], "summary": {"covered_lines": 0, "num_statements": 2, "percent_covered": 0.0, "percent_covered_display": "0", "missing_lines": 2, "excluded_lines": 0}, "missing_lines": [141, 143], "excluded_lines": []}, "LambdaFamilySerializer.from_external": {"executed_lines": [], "summary": {"covered_lines": 0, "num_statements": 1, "percent_covered": 0.0, "percent_covered_display": "0", "missing_lines": 1, "excluded_lines": 0}, "missing_lines": [157], "excluded_lines": []}, "LambdaFamilySerializer.to_external": {"executed_lines": [], "summary": {"covered_lines": 0, "num_statements": 2, "percent_covered": 0.0, "percent_covered_display": "0", "missing_lines": 2, "excluded_lines": 0}, "missing_lines": [160, 161], "excluded_lines": []}, "LambdaFamilySerializer.from_openapi": {"executed_lines": [], "summary": {"covered_lines": 0, "num_statements": 5, "percent_covered": 0.0, "percent_covered_display": "0", "missing_lines": 5, "excluded_lines": 0}, "missing_lines": [164, 165, 166, 167, 169], "excluded_lines": []}, "LambdaFamilySerializer.to_openapi": {"executed_lines": [], "summary": {"covered_lines": 0, "num_statements": 1, "percent_covered": 0.0, "percent_covered_display": "0", "missing_lines": 1, "excluded_lines": 0}, "missing_lines": [172], "excluded_lines": []}, "LambdaFamilySerializer.from_lambda_event": {"executed_lines": [], "summary": {"covered_lines": 0, "num_statements": 12, "percent_covered": 0.0, "percent_covered_display": "0", "missing_lines": 12, "excluded_lines": 0}, "missing_lines": [175, 177, 178, 179, 180, 181, 182, 184, 185, 187, 188, 190], "excluded_lines": []}, "LambdaFamilySerializer.to_lambda_response": {"executed_lines": [], "summary": {"covered_lines": 0, "num_statements": 2, "percent_covered": 0.0, "percent_covered_display": "0", "missing_lines": 2, "excluded_lines": 0}, "missing_lines": [193, 195], "excluded_lines": []}, "LambdaAnimalSerializer.from_external": {"executed_lines": [], "summary": {"covered_lines": 0, "num_statements": 1, "percent_covered": 0.0, "percent_covered_display": "0", "missing_lines": 1, "excluded_lines": 0}, "missing_lines": [209], "excluded_lines": []}, "LambdaAnimalSerializer.to_external": {"executed_lines": [], "summary": {"covered_lines": 0, "num_statements": 2, "percent_covered": 0.0, "percent_covered_display": "0", "missing_lines": 2, "excluded_lines": 0}, "missing_lines": [212, 213], "excluded_lines": []}, "LambdaAnimalSerializer.from_openapi": {"executed_lines": [], "summary": {"covered_lines": 0, "num_statements": 5, "percent_covered": 0.0, "percent_covered_display": "0", "missing_lines": 5, "excluded_lines": 0}, "missing_lines": [216, 217, 218, 219, 221], "excluded_lines": []}, "LambdaAnimalSerializer.to_openapi": {"executed_lines": [], "summary": {"covered_lines": 0, "num_statements": 1, "percent_covered": 0.0, "percent_covered_display": "0", "missing_lines": 1, "excluded_lines": 0}, "missing_lines": [224], "excluded_lines": []}, "LambdaAnimalSerializer.from_lambda_event": {"executed_lines": [], "summary": {"covered_lines": 0, "num_statements": 16, "percent_covered": 0.0, "percent_covered_display": "0", "missing_lines": 16, "excluded_lines": 0}, "missing_lines": [227, 229, 230, 231, 232, 233, 234, 236, 238, 239, 240, 241, 242, 244, 245, 247], "excluded_lines": []}, "LambdaAnimalSerializer.to_lambda_response": {"executed_lines": [], "summary": {"covered_lines": 0, "num_statements": 2, "percent_covered": 0.0, "percent_covered_display": "0", "missing_lines": 2, "excluded_lines": 0}, "missing_lines": [250, 252], "excluded_lines": []}, "LambdaAnimalConfigSerializer.from_lambda_event": {"executed_lines": [], "summary": {"covered_lines": 0, "num_statements": 13, "percent_covered": 0.0, "percent_covered_display": "0", "missing_lines": 13, "excluded_lines": 0}, "missing_lines": [266, 268, 269, 270, 271, 272, 273, 275, 276, 277, 278, 279, 281], "excluded_lines": []}, "LambdaAnimalConfigSerializer.to_lambda_response": {"executed_lines": [], "summary": {"covered_lines": 0, "num_statements": 1, "percent_covered": 0.0, "percent_covered_display": "0", "missing_lines": 1, "excluded_lines": 0}, "missing_lines": [284], "excluded_lines": []}, "": {"executed_lines": [1, 2, 3, 4, 5, 6, 12, 13, 15, 19, 24, 33, 37, 69, 92, 93, 95, 99, 104, 113, 117, 139, 153, 154, 156, 159, 163, 171, 174, 192, 205, 206, 208, 211, 215, 223, 226, 249, 262, 263, 265, 283], "summary": {"covered_lines": 36, "num_statements": 36, "percent_covered": 100.0, "percent_covered_display": "100", "missing_lines": 0, "excluded_lines": 0}, "missing_lines": [], "excluded_lines": []}}, "classes": {"LambdaUserSerializer": {"executed_lines": [], "summary": {"covered_lines": 0, "num_statements": 23, "percent_covered": 0.0, "percent_covered_display": "0", "missing_lines": 23, "excluded_lines": 0}, "missing_lines": [17, 21, 22, 26, 27, 28, 29, 31, 35, 49, 52, 53, 54, 55, 56, 57, 60, 61, 64, 65, 67, 80, 82], "excluded_lines": []}, "LambdaUserDetailsSerializer": {"executed_lines": [], "summary": {"covered_lines": 0, "num_statements": 23, "percent_covered": 0.0, "percent_covered_display": "0", "missing_lines": 23, "excluded_lines": 0}, "missing_lines": [97, 101, 102, 106, 107, 108, 109, 111, 115, 119, 122, 123, 124, 125, 126, 127, 130, 131, 134, 135, 137, 141, 143], "excluded_lines": []}, "LambdaFamilySerializer": {"executed_lines": [], "summary": {"covered_lines": 0, "num_statements": 23, "percent_covered": 0.0, "percent_covered_display": "0", "missing_lines": 23, "excluded_lines": 0}, "missing_lines": [157, 160, 161, 164, 165, 166, 167, 169, 172, 175, 177, 178, 179, 180, 181, 182, 184, 185, 187, 188, 190, 193, 195], "excluded_lines": []}, "LambdaAnimalSerializer": {"executed_lines": [], "summary": {"covered_lines": 0, "num_statements": 27, "percent_covered": 0.0, "percent_covered_display": "0", "missing_lines": 27, "excluded_lines": 0}, "missing_lines": [209, 212, 213, 216, 217, 218, 219, 221, 224, 227, 229, 230, 231, 232, 233, 234, 236, 238, 239, 240, 241, 242, 244, 245, 247, 250, 252], "excluded_lines": []}, "LambdaAnimalConfigSerializer": {"executed_lines": [], "summary": {"covered_lines": 0, "num_statements": 14, "percent_covered": 0.0, "percent_covered_display": "0", "missing_lines": 14, "excluded_lines": 0}, "missing_lines": [266, 268, 269, 270, 271, 272, 273, 275, 276, 277, 278, 279, 281, 284], "excluded_lines": []}, "": {"executed_lines": [1, 2, 3, 4, 5, 6, 12, 13, 15, 19, 24, 33, 37, 69, 92, 93, 95, 99, 104, 113, 117, 139, 153, 154, 156, 159, 163, 171, 174, 192, 205, 206, 208, 211, 215, 223, 226, 249, 262, 263, 265, 283], "summary": {"covered_lines": 36, "num_statements": 36, "percent_covered": 100.0, "percent_covered_display": "100", "missing_lines": 0, "excluded_lines": 0}, "missing_lines": 
[...]
": [], "summary": {"covered_lines": 0, "num_statements": 23, "percent_covered": 0.0, "percent_covered_display": "0", "missing_lines": 23, "excluded_lines": 0}, "missing_lines": [1, 3, 5, 6, 7, 8, 9, 10, 11, 12, 13, 16, 19, 38, 57, 72, 87, 102, 117, 132, 151, 171, 172], "excluded_lines": []}}, "classes": {"TestGuardrailsController": {"executed_lines": [], "summary": {"covered_lines": 0, "num_statements": 31, "percent_covered": 0.0, "percent_covered_display": "0", "missing_lines": 31, "excluded_lines": 0}, "missing_lines": [24, 25, 29, 35, 43, 44, 48, 54, 62, 65, 69, 77, 80, 84, 92, 95, 99, 107, 110, 114, 122, 125, 129, 137, 140, 143, 148, 156, 157, 161, 167], "excluded_lines": []}, "": {"executed_lines": [], "summary": {"covered_lines": 0, "num_statements": 23, "percent_covered": 0.0, "percent_covered_display": "0", "missing_lines": 23, "excluded_lines": 0}, "missing_lines": [1, 3, 5, 6, 7, 8, 9, 10, 11, 12, 13, 16, 19, 38, 57, 72, 87, 102, 117, 132, 151, 171, 172], "excluded_lines": []}}}, "openapi_server/test/test_knowledge_controller.py": {"executed_lines": [], "summary": {"covered_lines": 0, "num_statements": 24, "percent_covered": 0.0, "percent_covered_display": "0", "missing_lines": 24, "excluded_lines": 0}, "missing_lines": [1, 3, 5, 6, 7, 8, 11, 14, 19, 20, 22, 27, 30, 35, 36, 39, 44, 47, 52, 53, 57, 63, 67, 68], "excluded_lines": [], "functions": {"TestKnowledgeController.test_knowledge_article_delete": {"executed_lines": [], "summary": {"covered_lines": 0, "num_statements": 4, "percent_covered": 0.0, "percent_covered_display": "0", "missing_lines": 4, "excluded_lines": 0}, "missing_lines": [19, 20, 22, 27], "excluded_lines": []}, "TestKnowledgeController.test_knowledge_article_get": {"executed_lines": [], "summary": {"covered_lines": 0, "num_statements": 4, "percent_covered": 0.0, "percent_covered_display": "0", "missing_lines": 4, "excluded_lines": 0}, "missing_lines": [35, 36, 39, 44], "excluded_lines": []}, "TestKnowledgeController.test_knowledge_article_post": {"executed_lines": [], "summary": {"covered_lines": 0, "num_statements": 4, "percent_covered": 0.0, "percent_covered_display": "0", "missing_lines": 4, "excluded_lines": 0}, "missing_lines": [52, 53, 57, 63], "excluded_lines": []}, "": {"executed_lines": [], "summary": {"covered_lines": 0, "num_statements": 12, "percent_covered": 0.0, "percent_covered_display": "0", "missing_lines": 12, "excluded_lines": 0}, "missing_lines": [1, 3, 5, 6, 7, 8, 11, 14, 30, 47, 67, 68], "excluded_lines": []}}, "classes": {"TestKnowledgeController": {"executed_lines": [], "summary": {"covered_lines": 0, "num_statements": 12, "percent_covered": 0.0, "percent_covered_display": "0", "missing_lines": 12, "excluded_lines": 0}, "missing_lines": [19, 20, 22, 27, 35, 36, 39, 44, 52, 53, 57, 63], "excluded_lines": []}, "": {"executed_lines": [], "summary": {"covered_lines": 0, "num_statements": 12, "percent_covered": 0.0, "percent_covered_display": "0", "missing_lines": 12, "excluded_lines": 0}, "missing_lines": [1, 3, 5, 6, 7, 8, 11, 14, 30, 47, 67, 68], "excluded_lines": []}}}, "openapi_server/test/test_later_controller.py": {"executed_lines": [], "summary": {"covered_lines": 0, "num_statements": 42, "percent_covered": 0.0, "percent_covered_display": "0", "missing_lines": 42, "excluded_lines": 0}, "missing_lines": [1, 3, 5, 6, 7, 8, 9, 10, 13, 16, 21, 22, 25, 30, 33, 38, 41, 44, 49, 52, 57, 58, 60, 65, 68, 73, 74, 77, 82, 85, 90, 91, 95, 101, 104, 105, 110, 114, 117, 123, 127, 128], "excluded_lines": [], "functions": {"TestLaterController.test_convo_history_delete": {"executed_lines": [], "summary": {"covered_lines": 0, "num_statements": 4, "percent_covered": 0.0, "percent_covered_display": "0", "missing_lines": 4, "excluded_lines": 0}, "missing_lines": [21, 22, 25, 30], "excluded_lines": []}, "TestLaterController.test_convo_history_get": {"executed_lines": [], "summary": {"covered_lines": 0, "num_statements": 4, "percent_covered": 0.0, "percent_covered_display": "0", "missing_lines": 4, "excluded_lines": 0}, "missing_lines": [38, 41, 44, 49], "excluded_lines": []}, "TestLaterController.test_media_delete": {"executed_lines": [], "summary": {"covered_lines": 0, "num_statements": 4, "percent_covered": 0.0, "percent_covered_display": "0", "missing_lines": 4, "excluded_lines": 0}, "missing_lines": [57, 58, 60, 65], "excluded_lines": []}, "TestLaterController.test_media_get": {"executed_lines": [], "summary": {"covered_lines": 0, "num_statements": 4, "percent_covered": 0.0, "percent_covered_display": "0", "missing_lines": 4, "excluded_lines": 0}, "missing_lines": [73, 74, 77, 82], "excluded_lines": []}, "TestLaterController.test_summarize_convo_post": {"executed_lines": [], "summary": {"covered_lines": 0, "num_statements": 4, "percent_covered": 0.0, "percent_covered_display": "0", "missing_lines": 4, "excluded_lines": 0}, "missing_lines": [90, 91, 95, 101], "excluded_lines": []}, "TestLaterController.test_upload_media_post": {"executed_lines": [], "summary": {"covered_lines": 0, "num_statements": 4, "percent_covered": 0.0, "percent_covered_display": "0", "missing_lines": 4, "excluded_lines": 0}, "missing_lines": [110, 114, 117, 123], "excluded_lines": []}, "": {"executed_lines": [], "summary": {"covered_lines": 0, "num_statements": 18, "percent_covered": 0.0, "percent_covered_display": "0", "missing_lines": 18, "excluded_lines": 0}, "missing_lines": [1, 3, 5, 6, 7, 8, 9, 10, 13, 16, 33, 52, 68, 85, 104, 105, 127, 128], "excluded_lines": []}}, "classes": {"TestLaterController": {"executed_lines": [], "summary": {"covered_lines": 0, "num_statements": 24, "percent_covered": 0.0, "percent_covered_display": "0", "missing_lines": 24, "excluded_lines": 0}, "missing_lines": [21, 22, 25, 30, 38, 41, 44, 49, 57, 58, 60, 65, 73, 74, 77, 82, 90, 91, 95, 101, 110, 114, 117, 123], "excluded_lines": []}, "": {"executed_lines": [], "summary": {"covered_lines": 0, "num_statements": 18, "percent_covered": 0.0, "percent_covered_display": "0", "missing_lines": 18, "excluded_lines": 0}, "missing_lines": [1, 3, 5, 6, 7, 8, 9, 10, 13, 16, 33, 52, 68, 85, 104, 105, 127, 128], "excluded_lines": []}}}, "openapi_server/test/test_media_controller.py": {"executed_lines": [], "summary": {"covered_lines": 0, "num_statements": 24, "percent_covered": 0.0, "percent_covered_display": "0", "missing_lines": 24, "excluded_lines": 0}, "missing_lines": [1, 3, 5, 6, 7, 10, 13, 18, 19, 21, 26, 29, 34, 35, 38, 43, 46, 47, 52, 56, 59, 65, 69, 70], "excluded_lines": [], "functions": {"TestMediaController.test_media_delete": {"executed_lines": [], "summary": {"covered_lines": 0, "num_statements": 4, "percent_covered": 0.0, "percent_covered_display": "0", "missing_lines": 4, "excluded_lines": 0}, "missing_lines": [18, 19, 21, 26], "excluded_lines": []}, "TestMediaController.test_media_get": {"executed_lines": [], "summary": {"covered_lines": 0, "num_statements": 4, "percent_covered": 0.0, "percent_covered_display": "0", "missing_lines": 4, "excluded_lines": 0}, "missing_lines": [34, 35, 38, 43], "excluded_lines": []}, "TestMediaController.test_upload_media_post": {"executed_lines": [], "summary": {"covered_lines": 0, "num_statements": 4, "percent_covered": 0.0, "percent_covered_display": "0", "missing_lines": 4, "excluded_lines": 0}, "missing_lines": [52, 56, 59, 65], "excluded_lines": []}, "": {"executed_lines": [], "summary": {"covered_lines": 0, "num_statements": 12, "percent_covered": 0.0, "percent_covered_display": "0", "missing_lines": 12, "excluded_lines": 0}, "missing_lines": [1, 3, 5, 6, 7, 10, 13, 29, 46, 47, 69, 70], "excluded_lines": []}}, "classes": {"TestMediaController": {"executed_lines": [], "summary": {"covered_lines": 0, "num_statements": 12, "percent_covered": 0.0, "percent_covered_display": "0", "missing_lines": 12, "excluded_lines": 0}, "missing_lines": [18, 19, 21, 26, 34, 35, 38, 43, 52, 56, 59, 65], "excluded_lines": []}, "": {"executed_lines": [], "summary": {"covered_lines": 0, "num_statements": 12, "percent_covered": 0.0, "percent_covered_display": "0", "missing_lines": 12, "excluded_lines": 0}, "missing_lines": [1, 3, 5, 6, 7, 10, 13, 29, 46, 47, 69, 70], "excluded_lines": []}}}, "openapi_server/test/test_system_controller.py": {"executed_lines": [], "summary": {"covered_lines": 0, "num_statements": 22, "percent_covered": 0.0, "percent_covered_display": "0", "missing_lines": 22, "excluded_lines": 0}, "missing_lines": [1, 3, 5, 6, 7, 8, 11, 14, 19, 22, 26, 29, 34, 35, 39, 45, 48, 53, 56, 60, 64, 65], "excluded_lines": [], "functions": {"TestSystemController.test_feature_flags_get": {"executed_lines": [], "summary": {"covered_lines": 0, "num_statements": 3, "percent_covered": 0.0, "percent_covered_display": "0", "missing_lines": 3, "excluded_lines": 0}, "missing_lines": [19, 22, 26], "excluded_lines": []}, "TestSystemController.test_feature_flags_patch": {"executed_lines": [], "summary": {"covered_lines": 0, "num_statements": 4, "percent_covered": 0.0, "percent_covered_display": "0", "missing_lines": 4, "excluded_lines": 0}, "missing_lines": [34, 35, 39, 45], "excluded_lines": []}, "TestSystemController.test_system_health_get": {"executed_lines": [], "summary": {"covered_lines": 0, "num_statements": 3, "percent_covered": 0.0, "percent_covered_display": "0", "missing_lines": 3, "excluded_lines": 0}, "missing_lines": [53, 56, 60], "excluded_lines": []}, "": {"executed_lines": [], "summary": {"covered_lines": 0, "num_statements": 12, "percent_covered": 0.0, "percent_covered_display": "0", "missing_lines": 12, "excluded_lines": 0}, "missing_lines": [1, 3, 5, 6, 7, 8, 11, 14, 29, 48, 64, 65], "excluded_lines": []}}, "classes": {"TestSystemController": {"executed_lines": [], "summary": {"covered_lines": 0, "num_statements": 10, "percent_covered": 0.0, "percent_covered_display": "0", "missing_lines": 10, "excluded_lines": 0}, "missing_lines": [19, 22, 26, 34, 35, 39, 45, 53, 56, 60], "excluded_lines": []}, "": {"executed_lines": [], "summary": {"covered_lines": 0, "num_statements": 12, "percent_covered": 0.0, "percent_covered_display": "0", "missing_lines": 12, "excluded_lines": 0}, "missing_lines": [1, 3, 5, 6, 7, 8, 11, 14, 29, 48, 64, 65], "excluded_lines": []}}}, "openapi_server/test/test_test_controller.py": {"executed_lines": [], "summary": {"covered_lines": 0, "num_statements": 13, "percent_covered": 0.0, "percent_covered_display": "0", "missing_lines": 13, "excluded_lines": 0}, "missing_lines": [1, 3, 5, 6, 7, 10, 13, 18, 19, 23, 29, 33, 34], "excluded_lines": [], "functions": {"TestTestController.test_test_stress_body": {"executed_lines": [], "summary": {"covered_lines": 0, "num_statements": 4, "percent_covered": 0.0, "percent_covered_display": "0", "missing_lines": 4, "excluded_lines": 0}, "missing_lines": [18, 19, 23, 29], "excluded_lines": []}, "": {"executed_lines": [], "summary": {"covered_lines": 0, "num_statements": 9, "percent_covered": 0.0, "percent_covered_display": "0", "missing_lines": 9, "excluded_lines": 0}, "missing_lines": [1, 3, 5, 6, 7, 10, 13, 33, 34], "excluded_lines": []}}, "classes": {"TestTestController": {"executed_lines": [], "summary": {"covered_lines": 0, "num_statements": 4, "percent_covered": 0.0, "percent_covered_display": "0", "missing_lines": 4, "excluded_lines": 0}, "missing_lines": [18, 19, 23, 29], "excluded_lines": []}, "": {"executed_lines": [], "summary": {"covered_lines": 0, "num_statements": 9, "percent_covered": 0.0, "percent_covered_display": "0", "missing_lines": 9, "excluded_lines": 0}, "missing_lines": [1, 3, 5, 6, 7, 10, 13, 33, 34], "excluded_lines": []}}}, "openapi_server/test/test_ui_controller.py": {"executed_lines": [], "summary": {"covered_lines": 0, "num_statements": 21, "percent_covered": 0.0, "percent_covered_display": "0", "missing_lines": 21, "excluded_lines": 0}, "missing_lines": [1, 3, 5, 6, 7, 8, 11, 14, 19, 22, 26, 29, 34, 37, 41, 44, 49, 52, 56, 60, 61], "excluded_lines": [], "functions": {"TestUIController.test_admin_get": {"executed_lines": [], "summary": {"covered_lines": 0, "num_statements": 3, "percent_covered": 0.0, "percent_covered_display": "0", "missing_lines": 3, "excluded_lines": 0}, "missing_lines": [19, 22, 26], "excluded_lines": []}, "TestUIController.test_member_get": {"executed_lines": [], "summary": {"covered_lines": 0, "num_statements": 3, "percent_covered": 0.0, "percent_covered_display": "0", "missing_lines": 3, "excluded_lines": 0}, "missing_lines": [34, 37, 41], "excluded_lines": []}, "TestUIController.test_root_get": {"executed_lines": [], "summary": {"covered_lines": 0, "num_statements": 3, "percent_covered": 0.0, "percent_covered_display": "0", "missing_lines": 3, "excluded_lines": 0}, "missing_lines": [49, 52, 56], "excluded_lines": []}, "": {"executed_lines": [], "summary": {"covered_lines": 0, "num_statements": 12, "percent_covered": 0.0, "percent_covered_display": "0", "missing_lines": 12, "excluded_lines": 0}, "missing_lines": [1, 3, 5, 6, 7, 8, 11, 14, 29, 44, 60, 61], "excluded_lines": []}}, "classes": {"TestUIController": {"executed_lines": [], "summary": {"covered_lines": 0, "num_statements": 9, "percent_covered": 0.0, "percent_covered_display": "0", "missing_lines": 9, "excluded_lines": 0}, "missing_lines": [19, 22, 26, 34, 37, 41, 49, 52, 56], "excluded_lines": []}, "": {"executed_lines": [], "summary": {"covered_lines": 0, "num_statements": 12, "percent_covered": 0.0, "percent_covered_display": "0", "missing_lines": 12, "excluded_lines": 0}, "missing_lines": [1, 3, 5, 6, 7, 8, 11, 14, 29, 44, 60, 61], "excluded_lines": []}}}, "openapi_server/test/test_users_controller.py": {"executed_lines": [], "summary": {"covered_lines": 0, "num_statements": 11, "percent_covered": 0.0, "percent_covered_display": "0", "missing_lines": 11, "excluded_lines": 0}, "missing_lines": [1, 3, 5, 6, 9, 12, 17, 20, 24, 28, 29], "excluded_lines": [], "functions": {"TestUsersController.test_me_get": {"executed_lines": [], "summary": {"covered_lines": 0, "num_statements": 3, "percent_covered": 0.0, "percent_covered_display": "0", "missing_lines": 3, "excluded_lines": 0}, "missing_lines": [17, 20, 24], "excluded_lines": []}, "": {"executed_lines": [], "summary": {"covered_lines": 0, "num_statements": 8, "percent_covered": 0.0, "percent_covered_display": "0", "missing_lines": 8, "excluded_lines": 0}, "missing_lines": [1, 3, 5, 6, 9, 12, 28, 29], "excluded_lines": []}}, "classes": {"TestUsersController": {"executed_lines": [], "summary": {"covered_lines": 0, "num_statements": 3, "percent_covered": 0.0, "percent_covered_display": "0", "missing_lines": 3, "excluded_lines": 0}, "missing_lines": [17, 20, 24], "excluded_lines": []}, "": {"executed_lines": [], "summary": {"covered_lines": 0, "num_statements": 8, "percent_covered": 0.0, "percent_covered_display": "0", "missing_lines": 8, "excluded_lines": 0}, "missing_lines": [1, 3, 5, 6, 9, 12, 28, 29], "excluded_lines": []}}}, "openapi_server/typing_utils.py": {"executed_lines": [1, 3, 20, 22, 24, 28], "summary": {"covered_lines": 6, "num_statements": 15, "percent_covered": 40.0, "percent_covered_display": "40", "missing_lines": 9, "excluded_lines": 0}, "missing_lines": [4, 6, 8, 10, 12, 14, 16, 26, 30], "excluded_lines": [], "functions": {"is_generic": {"executed_lines": [], "summary": {"covered_lines": 0, "num_statements": 1, "percent_covered": 0.0, "percent_covered_display": "0", "missing_lines": 1, "excluded_lines": 0}, "missing_lines": [8], "excluded_lines": []}, "is_dict": {"executed_lines": [], "summary": {"covered_lines": 0, "num_statements": 1, "percent_covered": 0.0, "percent_covered_display": "0", "missing_lines": 1, "excluded_lines": 0}, "missing_lines": [12], "excluded_lines": []}, "is_list": {"executed_lines": [], "summary": {"covered_lines": 0, "num_statements": 1, "percent_covered": 0.0, "percent_covered_display": "0", "missing_lines": 1, "excluded_lines": 0}, "missing_lines": [16], "excluded_lines": []}, "": {"executed_lines": [1, 3, 20, 22, 24, 28], "summary": {"covered_lines": 6, "num_statements": 12, "percent_covered": 50.0, "percent_covered_display": "50", "missing_lines": 6, "excluded_lines": 0}, "missing_lines": [4, 6, 10, 14, 26, 30], "excluded_lines": []}}, "classes": {"": {"executed_lines": [1, 3, 20, 22, 24, 28], "summary": {"covered_lines": 6, "num_statements": 15, "percent_covered": 40.0, "percent_covered_display": "40", "missing_lines": 9, "excluded_lines": 0}, "missing_lines": [4, 6, 8, 10, 12, 14, 16, 26, 30], "excluded_lines": []}}}, "openapi_server/util.py": {"executed_lines": [1, 3, 4, 7, 15, 16, 18, 19, 20, 22, 24, 25, 26, 32, 35, 44, 45, 50, 53, 61, 79, 89, 92, 93, 94, 99, 107, 109, 112, 113, 116, 117, 119, 122, 136], "summary": {"covered_lines": 35, "num_statements": 59, "percent_covered": 59.32203389830509, "percent_covered_display": "59", "missing_lines": 24, "excluded_lines": 0}, "missing_lines": [21, 23, 27, 28, 29, 30, 46, 47, 48, 49, 58, 69, 70, 72, 73, 74, 75, 76, 90, 95, 96, 110, 132, 146], "excluded_lines": [], "functions": {"_deserialize": {"executed_lines": [15, 16, 18, 19, 20, 22, 24, 25, 26, 32], "summary": {"covered_lines": 10, "num_statements": 16, "percent_covered": 62.5, "percent_covered_display": "62", "missing_lines": 6, "excluded_lines": 0}, "missing_lines": [21, 23, 27, 28, 29, 30], "excluded_lines": []}, "_deserialize_primitive": {"executed_lines": [44, 45, 50], "summary": {"covered_lines": 3, "num_statements": 7, "percent_covered": 42.857142857142854, "percent_covered_display": "43", "missing_lines": 4, "excluded_lines": 0}, "missing_lines": [46, 47, 48, 49], "excluded_lines": []}, "_deserialize_object": {"executed_lines": [], "summary": {"covered_lines": 0, "num_statements": 1, "percent_covered": 0.0, "percent_covered_display": "0", "missing_lines": 1, "excluded_lines": 0}, "missing_lines": [58], "excluded_lines": []}, "deserialize_date": {"executed_lines": [], "summary": {"covered_lines": 0, "num_statements": 7, "percent_covered": 0.0, "percent_covered_display": "0", "missing_lines": 7, "excluded_lines": 0}, "missing_lines": [69, 70, 72, 73, 74, 75, 76], "excluded_lines": []}, "deserialize_datetime": {"executed_lines": [89, 92, 93, 94], "summary": {"covered_lines": 4, "num_statements": 7, "percent_covered": 57.142857142857146, "percent_covered_display": "57", "missing_lines": 3, "excluded_lines": 0}, "missing_lines": [90, 95, 96], "excluded_lines": []}, "deserialize_model": {"executed_lines": [107, 109, 112, 113, 116, 117, 119], "summary": {"covered_lines": 7, "num_statements": 8, "percent_covered": 87.5, "percent_covered_display": "88", "missing_lines": 1, "excluded_lines": 0}, "missing_lines": [110], "excluded_lines": []}, "_deserialize_list": {"executed_lines": [], "summary": {"covered_lines": 0, "num_statements": 1, "percent_covered": 0.0, "percent_covered_display": "0", "missing_lines": 1, "excluded_lines": 0}, "missing_lines": [132], "excluded_lines": []}, "_deserialize_dict": {"executed_lines": [], "summary": {"covered_lines": 0, "num_statements": 1, "percent_covered": 0.0, "percent_covered_display": "0", "missing_lines": 1, "excluded_lines": 0}, "missing_lines": [146], "excluded_lines": []}, "": {"executed_lines": [1, 3, 4, 7, 35, 53, 61, 79, 99, 122, 136], "summary": {"covered_lines": 11, "num_statements": 11, "percent_covered": 100.0, "percent_covered_display": "100", "missing_lines": 0, "excluded_lines": 0}, "missing_lines": [], "excluded_lines": []}}, "classes": {"": {"executed_lines": [1, 3, 4, 7, 15, 16, 18, 19, 20, 22, 24, 25, 26, 32, 35, 44, 45, 50, 53, 61, 79, 89, 92, 93, 94, 99, 107, 109, 112, 113, 116, 117, 119, 122, 136], "summary": {"covered_lines": 35, "num_statements": 59, "percent_covered": 59.32203389830509, "percent_covered_display": "59", "missing_lines": 24, "excluded_lines": 0}, "missing_lines": [21, 23, 27, 28, 29, 30, 46, 47, 48, 49, 58, 69, 70, 72, 73, 74, 75, 76, 90, 95, 96, 110, 132, 146], "excluded_lines": []}}}}, "totals": {"covered_lines": 5529, "num_statements": 12916, "percent_covered": 42.807370703004025, "percent_covered_display": "43", "missing_lines": 7387, "excluded_lines": 6}}