============================= test session starts ==============================
platform darwin -- Python 3.12.4, pytest-8.4.2, pluggy-1.6.0 -- /opt/miniconda3/bin/python
cachedir: .pytest_cache
metadata: {'Python': '3.12.4', 'Platform': 'macOS-15.6.1-arm64-arm-64bit', 'Packages': {'pytest': '8.4.2', 'pluggy': '1.6.0'}, 'Plugins': {'html': '4.1.1', 'asyncio': '1.1.0', 'xdist': '3.8.0', 'mock': '3.15.0', 'metadata': '3.1.1', 'anyio': '4.10.0', 'hypothesis': '6.138.15', 'Faker': '37.6.0', 'benchmark': '5.1.0', 'cov': '7.0.0'}, 'AWS_REGION': 'us-west-2', 'JAVA_HOME': '/Library/Java/JavaVirtualMachines/jdk1.8.0_331.jdk/Contents/Home'}
hypothesis profile 'default'
benchmark: 5.1.0 (defaults: timer=time.perf_counter disable_gc=False min_rounds=5 min_time=0.000005 max_time=1.0 calibration_precision=10 warmup=False warmup_iterations=100000)
rootdir: /Users/keithstegbauer/repositories/CMZ-chatbots/backend/api/src/main/python
configfile: pytest.ini
plugins: html-4.1.1, asyncio-1.1.0, xdist-3.8.0, mock-3.15.0, metadata-3.1.1, anyio-4.10.0, hypothesis-6.138.15, Faker-37.6.0, benchmark-5.1.0, cov-7.0.0
asyncio: mode=Mode.STRICT, asyncio_default_fixture_loop_scope=None, asyncio_default_test_loop_scope=function
collecting ... collected 87 items / 1 error

==================================== ERRORS ====================================
______________ ERROR collecting tests/integration/test_all_e2e.py ______________
ImportError while importing test module '/Users/keithstegbauer/repositories/CMZ-chatbots/backend/api/src/main/python/tests/integration/test_all_e2e.py'.
Hint: make sure your test modules/packages have valid Python names.
Traceback:
/opt/miniconda3/lib/python3.12/importlib/__init__.py:90: in import_module
    return _bootstrap._gcd_import(name[level:], package, level)
           ^^^^^^^^^^^^^^^^^^^^^^^^^^^^^^^^^^^^^^^^^^^^^^^^^^^^
tests/integration/test_all_e2e.py:20: in <module>
    from test_api_validation_epic import *
E   ModuleNotFoundError: No module named 'test_api_validation_epic'
=============================== warnings summary ===============================
../../../../../../../../../opt/miniconda3/lib/python3.12/site-packages/connexion/decorators/validation.py:16
../../../../../../../../../opt/miniconda3/lib/python3.12/site-packages/connexion/decorators/validation.py:16
  /opt/miniconda3/lib/python3.12/site-packages/connexion/decorators/validation.py:16: DeprecationWarning: Accessing jsonschema.draft4_format_checker is deprecated and will be removed in a future release. Instead, use the FORMAT_CHECKER attribute on the corresponding Validator.
    from jsonschema import Draft4Validator, ValidationError, draft4_format_checker

../../../../../../../../../opt/miniconda3/lib/python3.12/site-packages/connexion/json_schema.py:16
../../../../../../../../../opt/miniconda3/lib/python3.12/site-packages/connexion/json_schema.py:16
  /opt/miniconda3/lib/python3.12/site-packages/connexion/json_schema.py:16: DeprecationWarning: jsonschema.RefResolver is deprecated as of v4.18.0, in favor of the https://github.com/python-jsonschema/referencing library, which provides more compliant referencing behavior as well as more flexible APIs for customization. A future release will remove RefResolver. Please file a feature request (on referencing) if you are missing an API for the kind of customization you need.
    from jsonschema import Draft4Validator, RefResolver

../../../../../../../../../opt/miniconda3/lib/python3.12/site-packages/connexion/json_schema.py:17
  /opt/miniconda3/lib/python3.12/site-packages/connexion/json_schema.py:17: DeprecationWarning: jsonschema.exceptions.RefResolutionError is deprecated as of version 4.18.0. If you wish to catch potential reference resolution errors, directly catch referencing.exceptions.Unresolvable.
    from jsonschema.exceptions import RefResolutionError, ValidationError  # noqa

-- Docs: https://docs.pytest.org/en/stable/how-to/capture-warnings.html
- generated xml file: /Users/keithstegbauer/repositories/CMZ-chatbots/backend/api/src/main/python/test_results.xml -
=========================== short test summary info ============================
ERROR tests/integration/test_all_e2e.py
!!!!!!!!!!!!!!!!!!!! Interrupted: 1 error during collection !!!!!!!!!!!!!!!!!!!!
========================= 5 warnings, 1 error in 1.04s =========================
