<?xml version="1.0" encoding="utf-8"?><testsuites name="pytest tests"><testsuite name="pytest" errors="1" failures="0" skipped="0" tests="1" time="1.034" timestamp="2025-10-09T04:19:20.001656-07:00" hostname="macbookair.lan"><testcase classname="" name="tests.integration.test_all_e2e" time="0.000"><error message="collection failure">ImportError while importing test module '/Users/keithstegbauer/repositories/CMZ-chatbots/backend/api/src/main/python/tests/integration/test_all_e2e.py'.
Hint: make sure your test modules/packages have valid Python names.
Traceback:
/opt/miniconda3/lib/python3.12/importlib/__init__.py:90: in import_module
    return _bootstrap._gcd_import(name[level:], package, level)
           ^^^^^^^^^^^^^^^^^^^^^^^^^^^^^^^^^^^^^^^^^^^^^^^^^^^^
tests/integration/test_all_e2e.py:20: in &lt;module&gt;
    from test_api_validation_epic import *
E   ModuleNotFoundError: No module named 'test_api_validation_epic'</error></testcase></testsuite></testsuites>